[31m[Nest] 48040  - [39m02/08/2026, 3:05:45 PM [31m  ERROR[39m [38;5;3m[NestApplication] [39m[31mError: listen EADDRINUSE: address already in use :::3000[39m[38;5;3m +2ms[39m
node:net:1940
    const ex = new UVExceptionWithHostPort(err, 'listen', address, port);
               ^

Error: listen EADDRINUSE: address already in use :::3000
    at Server.setupListenHandle [as _listen2] (node:net:1940:16)
    at listenInCluster (node:net:1997:12)
    at Server.listen (node:net:2102:7)
    at ExpressAdapter.listen (C:\Users\LOQ\Downloads\my_pj_react\Finial\RealEstate-System\housing-backend\housing-backend\node_modules\@nestjs\platform-express\adapters\express-adapter.js:127:32)
    at C:\Users\LOQ\Downloads\my_pj_react\Finial\RealEstate-System\housing-backend\housing-backend\node_modules\@nestjs\core\nest-application.js:188:30
    at new Promise (<anonymous>)
    at NestApplication.listen (C:\Users\LOQ\Downloads\my_pj_react\Finial\RealEstate-System\housing-backend\housing-backend\node_modules\@nestjs\core\nest-application.js:178:16)
    at async bootstrap (C:\Users\LOQ\Downloads\my_pj_react\Finial\RealEstate-System\housing-backend\housing-backend\src\main.ts:40:3) {
  code: 'EADDRINUSE',
  errno: -4091,
  syscall: 'listen',
  address: '::',
  port: 3000
}

Node.js v24.10.0
[31m[Nest] 60928  - [39m02/08/2026, 3:13:49 PM [31m  ERROR[39m [38;5;3m[ExceptionsHandler] [39mPrismaClientKnownRequestError: 
Invalid `this.prisma.user.findMany()` invocation in
C:\Users\LOQ\Downloads\my_pj_react\Finial\RealEstate-System\housing-backend\housing-backend\src\users\users.service.ts:23:29

  20 findAll() {
  21   // Ensure corrupted datetimes don't crash admin pages.
  22   void this.fixInvalidUserDateTimes();
→ 23   return this.prisma.user.findMany(
Value out of range for the type. The column `createdAt` contained an invalid datetime value with either day or month set to zero.
    at ei.handleRequestError [90m(C:\Users\LOQ\Downloads\my_pj_react\Finial\RealEstate-System\housing-backend\housing-backend\[39mnode_modules\[4m@prisma\client[24m\src\runtime\RequestHandler.ts:228:13[90m)[39m
    at ei.handleAndLogRequestError [90m(C:\Users\LOQ\Downloads\my_pj_react\Finial\RealEstate-System\housing-backend\housing-backend\[39mnode_modules\[4m@prisma\client[24m\src\runtime\RequestHandler.ts:174:12[90m)[39m
    at ei.request [90m(C:\Users\LOQ\Downloads\my_pj_react\Finial\RealEstate-System\housing-backend\housing-backend\[39mnode_modules\[4m@prisma\client[24m\src\runtime\RequestHandler.ts:143:12[90m)[39m
    at async a [90m(C:\Users\LOQ\Downloads\my_pj_react\Finial\RealEstate-System\housing-backend\housing-backend\[39mnode_modules\[4m@prisma\client[24m\src\runtime\getPrismaClient.ts:833:24[90m)[39m
    at async [90mC:\Users\LOQ\Downloads\my_pj_react\Finial\RealEstate-System\housing-backend\housing-backend\[39mnode_modules\[4m@nestjs\core[24m\router\router-execution-context.js:46:28
    at async [90mC:\Users\LOQ\Downloads\my_pj_react\Finial\RealEstate-System\housing-backend\housing-backend\[39mnode_modules\[4m@nestjs\core[24m\router\router-proxy.js:9:17 {
  code: [32m'P2020'[39m,
  meta: {
    modelName: [32m'User'[39m,
    details: [32m'The column `createdAt` contained an invalid datetime value with either day or month set to zero.'[39m
  },
  clientVersion: [32m'6.7.0'[39m
}
[31m[Nest] 25112  - [39m02/08/2026, 3:14:33 PM [31m  ERROR[39m [38;5;3m[NestApplication] [39m[31mError: listen EADDRINUSE: address already in use :::3000[39m[38;5;3m +1ms[39m
node:net:1940
    const ex = new UVExceptionWithHostPort(err, 'listen', address, port);
               ^

Error: listen EADDRINUSE: address already in use :::3000
    at Server.setupListenHandle [as _listen2] (node:net:1940:16)
    at listenInCluster (node:net:1997:12)
    at Server.listen (node:net:2102:7)
    at ExpressAdapter.listen (C:\Users\LOQ\Downloads\my_pj_react\Finial\RealEstate-System\housing-backend\housing-backend\node_modules\@nestjs\platform-express\adapters\express-adapter.js:127:32)
    at C:\Users\LOQ\Downloads\my_pj_react\Finial\RealEstate-System\housing-backend\housing-backend\node_modules\@nestjs\core\nest-application.js:188:30
    at new Promise (<anonymous>)
    at NestApplication.listen (C:\Users\LOQ\Downloads\my_pj_react\Finial\RealEstate-System\housing-backend\housing-backend\node_modules\@nestjs\core\nest-application.js:178:16)
    at async bootstrap (C:\Users\LOQ\Downloads\my_pj_react\Finial\RealEstate-System\housing-backend\housing-backend\src\main.ts:40:3) {
  code: 'EADDRINUSE',
  errno: -4091,
  syscall: 'listen',
  address: '::',
  port: 3000
}

Node.js v24.10.0
[31m[Nest] 60348  - [39m02/08/2026, 4:13:11 PM [31m  ERROR[39m [38;5;3m[NestApplication] [39m[31mError: listen EADDRINUSE: address already in use :::3000[39m[38;5;3m +2ms[39m
node:net:1940
    const ex = new UVExceptionWithHostPort(err, 'listen', address, port);
               ^

Error: listen EADDRINUSE: address already in use :::3000
    at Server.setupListenHandle [as _listen2] (node:net:1940:16)
    at listenInCluster (node:net:1997:12)
    at Server.listen (node:net:2102:7)
    at ExpressAdapter.listen (C:\Users\LOQ\Downloads\my_pj_react\Finial\RealEstate-System\housing-backend\housing-backend\node_modules\@nestjs\platform-express\adapters\express-adapter.js:127:32)
    at C:\Users\LOQ\Downloads\my_pj_react\Finial\RealEstate-System\housing-backend\housing-backend\node_modules\@nestjs\core\nest-application.js:188:30
    at new Promise (<anonymous>)
    at NestApplication.listen (C:\Users\LOQ\Downloads\my_pj_react\Finial\RealEstate-System\housing-backend\housing-backend\node_modules\@nestjs\core\nest-application.js:178:16)
    at async bootstrap (C:\Users\LOQ\Downloads\my_pj_react\Finial\RealEstate-System\housing-backend\housing-backend\src\main.ts:40:3) {
  code: 'EADDRINUSE',
  errno: -4091,
  syscall: 'listen',
  address: '::',
  port: 3000
}

Node.js v24.10.0
[31m[Nest] 50108  - [39m02/08/2026, 4:13:16 PM [31m  ERROR[39m [38;5;3m[NestApplication] [39m[31mError: listen EADDRINUSE: address already in use :::3000[39m[38;5;3m +2ms[39m
node:net:1940
    const ex = new UVExceptionWithHostPort(err, 'listen', address, port);
               ^

Error: listen EADDRINUSE: address already in use :::3000
    at Server.setupListenHandle [as _listen2] (node:net:1940:16)
    at listenInCluster (node:net:1997:12)
    at Server.listen (node:net:2102:7)
    at ExpressAdapter.listen (C:\Users\LOQ\Downloads\my_pj_react\Finial\RealEstate-System\housing-backend\housing-backend\node_modules\@nestjs\platform-express\adapters\express-adapter.js:127:32)
    at C:\Users\LOQ\Downloads\my_pj_react\Finial\RealEstate-System\housing-backend\housing-backend\node_modules\@nestjs\core\nest-application.js:188:30
    at new Promise (<anonymous>)
    at NestApplication.listen (C:\Users\LOQ\Downloads\my_pj_react\Finial\RealEstate-System\housing-backend\housing-backend\node_modules\@nestjs\core\nest-application.js:178:16)
    at async bootstrap (C:\Users\LOQ\Downloads\my_pj_react\Finial\RealEstate-System\housing-backend\housing-backend\src\main.ts:40:3) {
  code: 'EADDRINUSE',
  errno: -4091,
  syscall: 'listen',
  address: '::',
  port: 3000
}

Node.js v24.10.0
ERROR: The process "56104" not found.
ERROR: The process "56104" not found.
node:child_process:1000
    throw err;
    ^

Error: Command failed: taskkill /pid 56104 /T /F
ERROR: The process "56104" not found.

    at genericNodeError (node:internal/errors:985:15)
    at wrappedFn (node:internal/errors:539:14)
    at checkExecSyncError (node:child_process:925:11)
    at execSync (node:child_process:997:15)
    at treeKillSync (C:\Users\LOQ\Downloads\my_pj_react\Finial\RealEstate-System\housing-backend\housing-backend\node_modules\@nestjs\cli\lib\utils\tree-kill.js:7:38)
    at C:\Users\LOQ\Downloads\my_pj_react\Finial\RealEstate-System\housing-backend\housing-backend\node_modules\@nestjs\cli\actions\start.action.js:68:46
    at Object.onWatchStatusChange (C:\Users\LOQ\Downloads\my_pj_react\Finial\RealEstate-System\housing-backend\housing-backend\node_modules\@nestjs\cli\lib\compiler\watch-compiler.js:83:17)
    at C:\Users\LOQ\Downloads\my_pj_react\Finial\RealEstate-System\housing-backend\housing-backend\node_modules\typescript\lib\typescript.js:133916:30
    at emitFilesAndReportErrors (C:\Users\LOQ\Downloads\my_pj_react\Finial\RealEstate-System\housing-backend\housing-backend\node_modules\typescript\lib\typescript.js:133737:5)
    at result.afterProgramCreate (C:\Users\LOQ\Downloads\my_pj_react\Finial\RealEstate-System\housing-backend\housing-backend\node_modules\typescript\lib\typescript.js:133912:5) {
  status: 128,
  signal: null,
  output: [
    null,
    Buffer(0) [Uint8Array] [],
    Buffer(39) [Uint8Array] [
       69,  82,  82,  79,  82,  58,  32,  84, 104,
      101,  32, 112, 114, 111,  99, 101, 115, 115,
       32,  34,  53,  54,  49,  48,  52,  34,  32,
      110, 111, 116,  32, 102, 111, 117, 110, 100,
       46,  13,  10
    ]
  ],
  pid: 48792,
  stdout: Buffer(0) [Uint8Array] [],
  stderr: Buffer(39) [Uint8Array] [
     69,  82,  82,  79,  82,  58,  32,  84, 104,
    101,  32, 112, 114, 111,  99, 101, 115, 115,
     32,  34,  53,  54,  49,  48,  52,  34,  32,
    110, 111, 116,  32, 102, 111, 117, 110, 100,
     46,  13,  10
  ]
}

Node.js v24.10.0
