
> housing-backend@0.0.1 start:dev
> nest start --watch

[2J[3J[H[[90m3:05:42 PM[0m] Starting compilation in watch mode...

[[90m3:05:45 PM[0m] Found 0 errors. Watching for file changes.

[32m[Nest] 48040  - [39m02/08/2026, 3:05:45 PM [32m    LOG[39m [38;5;3m[NestFactory] [39m[32mStarting Nest application...[39m
[32m[Nest] 48040  - [39m02/08/2026, 3:05:45 PM [32m    LOG[39m [38;5;3m[InstanceLoader] [39m[32mAppModule dependencies initialized[39m[38;5;3m +16ms[39m
[32m[Nest] 48040  - [39m02/08/2026, 3:05:45 PM [32m    LOG[39m [38;5;3m[InstanceLoader] [39m[32mPrismaModule dependencies initialized[39m[38;5;3m +3ms[39m
[32m[Nest] 48040  - [39m02/08/2026, 3:05:45 PM [32m    LOG[39m [38;5;3m[InstanceLoader] [39m[32mPassportModule dependencies initialized[39m[38;5;3m +1ms[39m
[32m[Nest] 48040  - [39m02/08/2026, 3:05:45 PM [32m    LOG[39m [38;5;3m[InstanceLoader] [39m[32mJwtModule dependencies initialized[39m[38;5;3m +3ms[39m
[32m[Nest] 48040  - [39m02/08/2026, 3:05:45 PM [32m    LOG[39m [38;5;3m[InstanceLoader] [39m[32mUsersModule dependencies initialized[39m[38;5;3m +1ms[39m
[32m[Nest] 48040  - [39m02/08/2026, 3:05:45 PM [32m    LOG[39m [38;5;3m[InstanceLoader] [39m[32mAppointmentsModule dependencies initialized[39m[38;5;3m +0ms[39m
[32m[Nest] 48040  - [39m02/08/2026, 3:05:45 PM [32m    LOG[39m [38;5;3m[InstanceLoader] [39m[32mTicketLogsModule dependencies initialized[39m[38;5;3m +1ms[39m
[32m[Nest] 48040  - [39m02/08/2026, 3:05:45 PM [32m    LOG[39m [38;5;3m[InstanceLoader] [39m[32mCommissionsModule dependencies initialized[39m[38;5;3m +0ms[39m
[32m[Nest] 48040  - [39m02/08/2026, 3:05:45 PM [32m    LOG[39m [38;5;3m[InstanceLoader] [39m[32mPaymentsModule dependencies initialized[39m[38;5;3m +0ms[39m
[32m[Nest] 48040  - [39m02/08/2026, 3:05:45 PM [32m    LOG[39m [38;5;3m[InstanceLoader] [39m[32mInvoicesModule dependencies initialized[39m[38;5;3m +0ms[39m
[32m[Nest] 48040  - [39m02/08/2026, 3:05:45 PM [32m    LOG[39m [38;5;3m[InstanceLoader] [39m[32mPropertyModule dependencies initialized[39m[38;5;3m +0ms[39m
[32m[Nest] 48040  - [39m02/08/2026, 3:05:45 PM [32m    LOG[39m [38;5;3m[InstanceLoader] [39m[32mTicketsModule dependencies initialized[39m[38;5;3m +1ms[39m
[32m[Nest] 48040  - [39m02/08/2026, 3:05:45 PM [32m    LOG[39m [38;5;3m[InstanceLoader] [39m[32mExpensesModule dependencies initialized[39m[38;5;3m +0ms[39m
[32m[Nest] 48040  - [39m02/08/2026, 3:05:45 PM [32m    LOG[39m [38;5;3m[InstanceLoader] [39m[32mAuthModule dependencies initialized[39m[38;5;3m +0ms[39m
[32m[Nest] 48040  - [39m02/08/2026, 3:05:45 PM [32m    LOG[39m [38;5;3m[RoutesResolver] [39m[32mUsersController {/users}:[39m[38;5;3m +2ms[39m
[32m[Nest] 48040  - [39m02/08/2026, 3:05:45 PM [32m    LOG[39m [38;5;3m[RouterExplorer] [39m[32mMapped {/users, GET} route[39m[38;5;3m +3ms[39m
[32m[Nest] 48040  - [39m02/08/2026, 3:05:45 PM [32m    LOG[39m [38;5;3m[RouterExplorer] [39m[32mMapped {/users/role/:role, GET} route[39m[38;5;3m +1ms[39m
[32m[Nest] 48040  - [39m02/08/2026, 3:05:45 PM [32m    LOG[39m [38;5;3m[RouterExplorer] [39m[32mMapped {/users/:id, GET} route[39m[38;5;3m +0ms[39m
[32m[Nest] 48040  - [39m02/08/2026, 3:05:45 PM [32m    LOG[39m [38;5;3m[RouterExplorer] [39m[32mMapped {/users, POST} route[39m[38;5;3m +0ms[39m
[32m[Nest] 48040  - [39m02/08/2026, 3:05:45 PM [32m    LOG[39m [38;5;3m[RouterExplorer] [39m[32mMapped {/users/:id, PUT} route[39m[38;5;3m +1ms[39m
[32m[Nest] 48040  - [39m02/08/2026, 3:05:45 PM [32m    LOG[39m [38;5;3m[RouterExplorer] [39m[32mMapped {/users/:id, DELETE} route[39m[38;5;3m +1ms[39m
[32m[Nest] 48040  - [39m02/08/2026, 3:05:45 PM [32m    LOG[39m [38;5;3m[RoutesResolver] [39m[32mAuthController {/auth}:[39m[38;5;3m +0ms[39m
[32m[Nest] 48040  - [39m02/08/2026, 3:05:45 PM [32m    LOG[39m [38;5;3m[RouterExplorer] [39m[32mMapped {/auth/register, POST} route[39m[38;5;3m +0ms[39m
[32m[Nest] 48040  - [39m02/08/2026, 3:05:45 PM [32m    LOG[39m [38;5;3m[RouterExplorer] [39m[32mMapped {/auth/login, POST} route[39m[38;5;3m +1ms[39m
[32m[Nest] 48040  - [39m02/08/2026, 3:05:45 PM [32m    LOG[39m [38;5;3m[RouterExplorer] [39m[32mMapped {/auth/me, GET} route[39m[38;5;3m +0ms[39m
[32m[Nest] 48040  - [39m02/08/2026, 3:05:45 PM [32m    LOG[39m [38;5;3m[RoutesResolver] [39m[32mPropertyController {/properties}:[39m[38;5;3m +1ms[39m
[32m[Nest] 48040  - [39m02/08/2026, 3:05:45 PM [32m    LOG[39m [38;5;3m[RouterExplorer] [39m[32mMapped {/properties, GET} route[39m[38;5;3m +0ms[39m
[32m[Nest] 48040  - [39m02/08/2026, 3:05:45 PM [32m    LOG[39m [38;5;3m[RouterExplorer] [39m[32mMapped {/properties/:id, GET} route[39m[38;5;3m +0ms[39m
[32m[Nest] 48040  - [39m02/08/2026, 3:05:45 PM [32m    LOG[39m [38;5;3m[RouterExplorer] [39m[32mMapped {/properties, POST} route[39m[38;5;3m +1ms[39m
[32m[Nest] 48040  - [39m02/08/2026, 3:05:45 PM [32m    LOG[39m [38;5;3m[RouterExplorer] [39m[32mMapped {/properties/:id, PUT} route[39m[38;5;3m +0ms[39m
[32m[Nest] 48040  - [39m02/08/2026, 3:05:45 PM [32m    LOG[39m [38;5;3m[RouterExplorer] [39m[32mMapped {/properties/:id, DELETE} route[39m[38;5;3m +0ms[39m
[32m[Nest] 48040  - [39m02/08/2026, 3:05:45 PM [32m    LOG[39m [38;5;3m[RoutesResolver] [39m[32mAppointmentsController {/appointments}:[39m[38;5;3m +1ms[39m
[32m[Nest] 48040  - [39m02/08/2026, 3:05:45 PM [32m    LOG[39m [38;5;3m[RouterExplorer] [39m[32mMapped {/appointments, POST} route[39m[38;5;3m +0ms[39m
[32m[Nest] 48040  - [39m02/08/2026, 3:05:45 PM [32m    LOG[39m [38;5;3m[RouterExplorer] [39m[32mMapped {/appointments, GET} route[39m[38;5;3m +0ms[39m
[32m[Nest] 48040  - [39m02/08/2026, 3:05:45 PM [32m    LOG[39m [38;5;3m[RouterExplorer] [39m[32mMapped {/appointments/:id, GET} route[39m[38;5;3m +0ms[39m
[32m[Nest] 48040  - [39m02/08/2026, 3:05:45 PM [32m    LOG[39m [38;5;3m[RouterExplorer] [39m[32mMapped {/appointments/:id, PATCH} route[39m[38;5;3m +0ms[39m
[32m[Nest] 48040  - [39m02/08/2026, 3:05:45 PM [32m    LOG[39m [38;5;3m[RouterExplorer] [39m[32mMapped {/appointments/:id, DELETE} route[39m[38;5;3m +1ms[39m
[32m[Nest] 48040  - [39m02/08/2026, 3:05:45 PM [32m    LOG[39m [38;5;3m[RoutesResolver] [39m[32mTicketsController {/tickets}:[39m[38;5;3m +0ms[39m
[32m[Nest] 48040  - [39m02/08/2026, 3:05:45 PM [32m    LOG[39m [38;5;3m[RouterExplorer] [39m[32mMapped {/tickets, POST} route[39m[38;5;3m +0ms[39m
[32m[Nest] 48040  - [39m02/08/2026, 3:05:45 PM [32m    LOG[39m [38;5;3m[RouterExplorer] [39m[32mMapped {/tickets/my, GET} route[39m[38;5;3m +0ms[39m
[32m[Nest] 48040  - [39m02/08/2026, 3:05:45 PM [32m    LOG[39m [38;5;3m[RouterExplorer] [39m[32mMapped {/tickets, GET} route[39m[38;5;3m +0ms[39m
[32m[Nest] 48040  - [39m02/08/2026, 3:05:45 PM [32m    LOG[39m [38;5;3m[RouterExplorer] [39m[32mMapped {/tickets/assigned-to/me, GET} route[39m[38;5;3m +1ms[39m
[32m[Nest] 48040  - [39m02/08/2026, 3:05:45 PM [32m    LOG[39m [38;5;3m[RouterExplorer] [39m[32mMapped {/tickets/supplier/me, GET} route[39m[38;5;3m +0ms[39m
[32m[Nest] 48040  - [39m02/08/2026, 3:05:45 PM [32m    LOG[39m [38;5;3m[RouterExplorer] [39m[32mMapped {/tickets/:id, GET} route[39m[38;5;3m +0ms[39m
[32m[Nest] 48040  - [39m02/08/2026, 3:05:45 PM [32m    LOG[39m [38;5;3m[RouterExplorer] [39m[32mMapped {/tickets/:id, PUT} route[39m[38;5;3m +0ms[39m
[32m[Nest] 48040  - [39m02/08/2026, 3:05:45 PM [32m    LOG[39m [38;5;3m[RouterExplorer] [39m[32mMapped {/tickets/:id, DELETE} route[39m[38;5;3m +0ms[39m
[32m[Nest] 48040  - [39m02/08/2026, 3:05:45 PM [32m    LOG[39m [38;5;3m[RouterExplorer] [39m[32mMapped {/tickets/:id/assign-worker/:workerId, PUT} route[39m[38;5;3m +1ms[39m
[32m[Nest] 48040  - [39m02/08/2026, 3:05:45 PM [32m    LOG[39m [38;5;3m[RouterExplorer] [39m[32mMapped {/tickets/:id/assign-supplier/:supplierId, PUT} route[39m[38;5;3m +0ms[39m
[32m[Nest] 48040  - [39m02/08/2026, 3:05:45 PM [32m    LOG[39m [38;5;3m[RouterExplorer] [39m[32mMapped {/tickets/:id/status/:status, PUT} route[39m[38;5;3m +0ms[39m
[32m[Nest] 48040  - [39m02/08/2026, 3:05:45 PM [32m    LOG[39m [38;5;3m[RoutesResolver] [39m[32mTicketLogsController {/ticket-logs}:[39m[38;5;3m +0ms[39m
[32m[Nest] 48040  - [39m02/08/2026, 3:05:45 PM [32m    LOG[39m [38;5;3m[RouterExplorer] [39m[32mMapped {/ticket-logs/:ticketId, GET} route[39m[38;5;3m +0ms[39m
[32m[Nest] 48040  - [39m02/08/2026, 3:05:45 PM [32m    LOG[39m [38;5;3m[RoutesResolver] [39m[32mExpensesController {/expenses}:[39m[38;5;3m +0ms[39m
[32m[Nest] 48040  - [39m02/08/2026, 3:05:45 PM [32m    LOG[39m [38;5;3m[RouterExplorer] [39m[32mMapped {/expenses, POST} route[39m[38;5;3m +1ms[39m
[32m[Nest] 48040  - [39m02/08/2026, 3:05:45 PM [32m    LOG[39m [38;5;3m[RouterExplorer] [39m[32mMapped {/expenses/my, GET} route[39m[38;5;3m +0ms[39m
[32m[Nest] 48040  - [39m02/08/2026, 3:05:45 PM [32m    LOG[39m [38;5;3m[RouterExplorer] [39m[32mMapped {/expenses/by-ticket/:ticketId, GET} route[39m[38;5;3m +0ms[39m
[32m[Nest] 48040  - [39m02/08/2026, 3:05:45 PM [32m    LOG[39m [38;5;3m[RouterExplorer] [39m[32mMapped {/expenses/supplier, GET} route[39m[38;5;3m +1ms[39m
[32m[Nest] 48040  - [39m02/08/2026, 3:05:45 PM [32m    LOG[39m [38;5;3m[RoutesResolver] [39m[32mInvoicesController {/invoices}:[39m[38;5;3m +0ms[39m
[32m[Nest] 48040  - [39m02/08/2026, 3:05:45 PM [32m    LOG[39m [38;5;3m[RouterExplorer] [39m[32mMapped {/invoices, POST} route[39m[38;5;3m +0ms[39m
[32m[Nest] 48040  - [39m02/08/2026, 3:05:45 PM [32m    LOG[39m [38;5;3m[RouterExplorer] [39m[32mMapped {/invoices, GET} route[39m[38;5;3m +1ms[39m
[32m[Nest] 48040  - [39m02/08/2026, 3:05:45 PM [32m    LOG[39m [38;5;3m[RouterExplorer] [39m[32mMapped {/invoices/:id, DELETE} route[39m[38;5;3m +0ms[39m
[32m[Nest] 48040  - [39m02/08/2026, 3:05:45 PM [32m    LOG[39m [38;5;3m[RouterExplorer] [39m[32mMapped {/invoices/supplier/:id, GET} route[39m[38;5;3m +0ms[39m
[32m[Nest] 48040  - [39m02/08/2026, 3:05:45 PM [32m    LOG[39m [38;5;3m[RouterExplorer] [39m[32mMapped {/invoices/supplier/all, GET} route[39m[38;5;3m +0ms[39m
[32m[Nest] 48040  - [39m02/08/2026, 3:05:45 PM [32m    LOG[39m [38;5;3m[RoutesResolver] [39m[32mPaymentsController {/payments}:[39m[38;5;3m +1ms[39m
[32m[Nest] 48040  - [39m02/08/2026, 3:05:45 PM [32m    LOG[39m [38;5;3m[RouterExplorer] [39m[32mMapped {/payments, POST} route[39m[38;5;3m +0ms[39m
[32m[Nest] 48040  - [39m02/08/2026, 3:05:45 PM [32m    LOG[39m [38;5;3m[RouterExplorer] [39m[32mMapped {/payments/invoice/:id, GET} route[39m[38;5;3m +0ms[39m
[32m[Nest] 48040  - [39m02/08/2026, 3:05:45 PM [32m    LOG[39m [38;5;3m[RoutesResolver] [39m[32mCommissionsController {/commissions}:[39m[38;5;3m +0ms[39m
[32m[Nest] 48040  - [39m02/08/2026, 3:05:45 PM [32m    LOG[39m [38;5;3m[RouterExplorer] [39m[32mMapped {/commissions, GET} route[39m[38;5;3m +0ms[39m
[32m[Nest] 48040  - [39m02/08/2026, 3:05:45 PM [32m    LOG[39m [38;5;3m[RouterExplorer] [39m[32mMapped {/commissions/total, GET} route[39m[38;5;3m +1ms[39m
[32m[Nest] 48040  - [39m02/08/2026, 3:05:45 PM [32m    LOG[39m [38;5;3m[NestApplication] [39m[32mNest application successfully started[39m[38;5;3m +31ms[39m
[2J[3J[H[[90m3:13:34 PM[0m] File change detected. Starting incremental compilation...

[[90m3:13:34 PM[0m] Found 0 errors. Watching for file changes.

[32m[Nest] 60928  - [39m02/08/2026, 3:13:35 PM [32m    LOG[39m [38;5;3m[NestFactory] [39m[32mStarting Nest application...[39m
[32m[Nest] 60928  - [39m02/08/2026, 3:13:35 PM [32m    LOG[39m [38;5;3m[InstanceLoader] [39m[32mAppModule dependencies initialized[39m[38;5;3m +14ms[39m
[32m[Nest] 60928  - [39m02/08/2026, 3:13:35 PM [32m    LOG[39m [38;5;3m[InstanceLoader] [39m[32mPrismaModule dependencies initialized[39m[38;5;3m +3ms[39m
[32m[Nest] 60928  - [39m02/08/2026, 3:13:35 PM [32m    LOG[39m [38;5;3m[InstanceLoader] [39m[32mPassportModule dependencies initialized[39m[38;5;3m +0ms[39m
[32m[Nest] 60928  - [39m02/08/2026, 3:13:35 PM [32m    LOG[39m [38;5;3m[InstanceLoader] [39m[32mJwtModule dependencies initialized[39m[38;5;3m +4ms[39m
[32m[Nest] 60928  - [39m02/08/2026, 3:13:35 PM [32m    LOG[39m [38;5;3m[InstanceLoader] [39m[32mUsersModule dependencies initialized[39m[38;5;3m +1ms[39m
[32m[Nest] 60928  - [39m02/08/2026, 3:13:35 PM [32m    LOG[39m [38;5;3m[InstanceLoader] [39m[32mAppointmentsModule dependencies initialized[39m[38;5;3m +0ms[39m
[32m[Nest] 60928  - [39m02/08/2026, 3:13:35 PM [32m    LOG[39m [38;5;3m[InstanceLoader] [39m[32mTicketLogsModule dependencies initialized[39m[38;5;3m +0ms[39m
[32m[Nest] 60928  - [39m02/08/2026, 3:13:35 PM [32m    LOG[39m [38;5;3m[InstanceLoader] [39m[32mCommissionsModule dependencies initialized[39m[38;5;3m +0ms[39m
[32m[Nest] 60928  - [39m02/08/2026, 3:13:35 PM [32m    LOG[39m [38;5;3m[InstanceLoader] [39m[32mPaymentsModule dependencies initialized[39m[38;5;3m +1ms[39m
[32m[Nest] 60928  - [39m02/08/2026, 3:13:35 PM [32m    LOG[39m [38;5;3m[InstanceLoader] [39m[32mInvoicesModule dependencies initialized[39m[38;5;3m +0ms[39m
[32m[Nest] 60928  - [39m02/08/2026, 3:13:35 PM [32m    LOG[39m [38;5;3m[InstanceLoader] [39m[32mPropertyModule dependencies initialized[39m[38;5;3m +0ms[39m
[32m[Nest] 60928  - [39m02/08/2026, 3:13:35 PM [32m    LOG[39m [38;5;3m[InstanceLoader] [39m[32mTicketsModule dependencies initialized[39m[38;5;3m +0ms[39m
[32m[Nest] 60928  - [39m02/08/2026, 3:13:35 PM [32m    LOG[39m [38;5;3m[InstanceLoader] [39m[32mExpensesModule dependencies initialized[39m[38;5;3m +0ms[39m
[32m[Nest] 60928  - [39m02/08/2026, 3:13:35 PM [32m    LOG[39m [38;5;3m[InstanceLoader] [39m[32mAuthModule dependencies initialized[39m[38;5;3m +0ms[39m
[32m[Nest] 60928  - [39m02/08/2026, 3:13:35 PM [32m    LOG[39m [38;5;3m[RoutesResolver] [39m[32mUsersController {/users}:[39m[38;5;3m +3ms[39m
[32m[Nest] 60928  - [39m02/08/2026, 3:13:35 PM [32m    LOG[39m [38;5;3m[RouterExplorer] [39m[32mMapped {/users, GET} route[39m[38;5;3m +2ms[39m
[32m[Nest] 60928  - [39m02/08/2026, 3:13:35 PM [32m    LOG[39m [38;5;3m[RouterExplorer] [39m[32mMapped {/users/role/:role, GET} route[39m[38;5;3m +1ms[39m
[32m[Nest] 60928  - [39m02/08/2026, 3:13:35 PM [32m    LOG[39m [38;5;3m[RouterExplorer] [39m[32mMapped {/users/:id, GET} route[39m[38;5;3m +0ms[39m
[32m[Nest] 60928  - [39m02/08/2026, 3:13:35 PM [32m    LOG[39m [38;5;3m[RouterExplorer] [39m[32mMapped {/users, POST} route[39m[38;5;3m +1ms[39m
[32m[Nest] 60928  - [39m02/08/2026, 3:13:35 PM [32m    LOG[39m [38;5;3m[RouterExplorer] [39m[32mMapped {/users/:id, PUT} route[39m[38;5;3m +0ms[39m
[32m[Nest] 60928  - [39m02/08/2026, 3:13:35 PM [32m    LOG[39m [38;5;3m[RouterExplorer] [39m[32mMapped {/users/:id, DELETE} route[39m[38;5;3m +0ms[39m
[32m[Nest] 60928  - [39m02/08/2026, 3:13:35 PM [32m    LOG[39m [38;5;3m[RoutesResolver] [39m[32mAuthController {/auth}:[39m[38;5;3m +1ms[39m
[32m[Nest] 60928  - [39m02/08/2026, 3:13:35 PM [32m    LOG[39m [38;5;3m[RouterExplorer] [39m[32mMapped {/auth/register, POST} route[39m[38;5;3m +0ms[39m
[32m[Nest] 60928  - [39m02/08/2026, 3:13:35 PM [32m    LOG[39m [38;5;3m[RouterExplorer] [39m[32mMapped {/auth/login, POST} route[39m[38;5;3m +0ms[39m
[32m[Nest] 60928  - [39m02/08/2026, 3:13:35 PM [32m    LOG[39m [38;5;3m[RouterExplorer] [39m[32mMapped {/auth/me, GET} route[39m[38;5;3m +0ms[39m
[32m[Nest] 60928  - [39m02/08/2026, 3:13:35 PM [32m    LOG[39m [38;5;3m[RoutesResolver] [39m[32mPropertyController {/properties}:[39m[38;5;3m +1ms[39m
[32m[Nest] 60928  - [39m02/08/2026, 3:13:35 PM [32m    LOG[39m [38;5;3m[RouterExplorer] [39m[32mMapped {/properties, GET} route[39m[38;5;3m +0ms[39m
[32m[Nest] 60928  - [39m02/08/2026, 3:13:35 PM [32m    LOG[39m [38;5;3m[RouterExplorer] [39m[32mMapped {/properties/:id, GET} route[39m[38;5;3m +0ms[39m
[32m[Nest] 60928  - [39m02/08/2026, 3:13:35 PM [32m    LOG[39m [38;5;3m[RouterExplorer] [39m[32mMapped {/properties, POST} route[39m[38;5;3m +1ms[39m
[32m[Nest] 60928  - [39m02/08/2026, 3:13:35 PM [32m    LOG[39m [38;5;3m[RouterExplorer] [39m[32mMapped {/properties/:id, PUT} route[39m[38;5;3m +0ms[39m
[32m[Nest] 60928  - [39m02/08/2026, 3:13:35 PM [32m    LOG[39m [38;5;3m[RouterExplorer] [39m[32mMapped {/properties/:id, DELETE} route[39m[38;5;3m +0ms[39m
[32m[Nest] 60928  - [39m02/08/2026, 3:13:35 PM [32m    LOG[39m [38;5;3m[RoutesResolver] [39m[32mAppointmentsController {/appointments}:[39m[38;5;3m +1ms[39m
[32m[Nest] 60928  - [39m02/08/2026, 3:13:35 PM [32m    LOG[39m [38;5;3m[RouterExplorer] [39m[32mMapped {/appointments, POST} route[39m[38;5;3m +0ms[39m
[32m[Nest] 60928  - [39m02/08/2026, 3:13:35 PM [32m    LOG[39m [38;5;3m[RouterExplorer] [39m[32mMapped {/appointments, GET} route[39m[38;5;3m +0ms[39m
[32m[Nest] 60928  - [39m02/08/2026, 3:13:35 PM [32m    LOG[39m [38;5;3m[RouterExplorer] [39m[32mMapped {/appointments/:id, GET} route[39m[38;5;3m +0ms[39m
[32m[Nest] 60928  - [39m02/08/2026, 3:13:35 PM [32m    LOG[39m [38;5;3m[RouterExplorer] [39m[32mMapped {/appointments/:id, PATCH} route[39m[38;5;3m +1ms[39m
[32m[Nest] 60928  - [39m02/08/2026, 3:13:35 PM [32m    LOG[39m [38;5;3m[RouterExplorer] [39m[32mMapped {/appointments/:id, DELETE} route[39m[38;5;3m +0ms[39m
[32m[Nest] 60928  - [39m02/08/2026, 3:13:35 PM [32m    LOG[39m [38;5;3m[RoutesResolver] [39m[32mTicketsController {/tickets}:[39m[38;5;3m +0ms[39m
[32m[Nest] 60928  - [39m02/08/2026, 3:13:35 PM [32m    LOG[39m [38;5;3m[RouterExplorer] [39m[32mMapped {/tickets, POST} route[39m[38;5;3m +1ms[39m
[32m[Nest] 60928  - [39m02/08/2026, 3:13:35 PM [32m    LOG[39m [38;5;3m[RouterExplorer] [39m[32mMapped {/tickets/my, GET} route[39m[38;5;3m +0ms[39m
[32m[Nest] 60928  - [39m02/08/2026, 3:13:35 PM [32m    LOG[39m [38;5;3m[RouterExplorer] [39m[32mMapped {/tickets, GET} route[39m[38;5;3m +0ms[39m
[32m[Nest] 60928  - [39m02/08/2026, 3:13:35 PM [32m    LOG[39m [38;5;3m[RouterExplorer] [39m[32mMapped {/tickets/assigned-to/me, GET} route[39m[38;5;3m +1ms[39m
[32m[Nest] 60928  - [39m02/08/2026, 3:13:35 PM [32m    LOG[39m [38;5;3m[RouterExplorer] [39m[32mMapped {/tickets/supplier/me, GET} route[39m[38;5;3m +0ms[39m
[32m[Nest] 60928  - [39m02/08/2026, 3:13:35 PM [32m    LOG[39m [38;5;3m[RouterExplorer] [39m[32mMapped {/tickets/:id, GET} route[39m[38;5;3m +0ms[39m
[32m[Nest] 60928  - [39m02/08/2026, 3:13:35 PM [32m    LOG[39m [38;5;3m[RouterExplorer] [39m[32mMapped {/tickets/:id, PUT} route[39m[38;5;3m +1ms[39m
[32m[Nest] 60928  - [39m02/08/2026, 3:13:35 PM [32m    LOG[39m [38;5;3m[RouterExplorer] [39m[32mMapped {/tickets/:id, DELETE} route[39m[38;5;3m +0ms[39m
[32m[Nest] 60928  - [39m02/08/2026, 3:13:35 PM [32m    LOG[39m [38;5;3m[RouterExplorer] [39m[32mMapped {/tickets/:id/assign-worker/:workerId, PUT} route[39m[38;5;3m +0ms[39m
[32m[Nest] 60928  - [39m02/08/2026, 3:13:35 PM [32m    LOG[39m [38;5;3m[RouterExplorer] [39m[32mMapped {/tickets/:id/assign-supplier/:supplierId, PUT} route[39m[38;5;3m +0ms[39m
[32m[Nest] 60928  - [39m02/08/2026, 3:13:35 PM [32m    LOG[39m [38;5;3m[RouterExplorer] [39m[32mMapped {/tickets/:id/status/:status, PUT} route[39m[38;5;3m +1ms[39m
[32m[Nest] 60928  - [39m02/08/2026, 3:13:35 PM [32m    LOG[39m [38;5;3m[RoutesResolver] [39m[32mTicketLogsController {/ticket-logs}:[39m[38;5;3m +0ms[39m
[32m[Nest] 60928  - [39m02/08/2026, 3:13:35 PM [32m    LOG[39m [38;5;3m[RouterExplorer] [39m[32mMapped {/ticket-logs/:ticketId, GET} route[39m[38;5;3m +0ms[39m
[32m[Nest] 60928  - [39m02/08/2026, 3:13:35 PM [32m    LOG[39m [38;5;3m[RoutesResolver] [39m[32mExpensesController {/expenses}:[39m[38;5;3m +0ms[39m
[32m[Nest] 60928  - [39m02/08/2026, 3:13:35 PM [32m    LOG[39m [38;5;3m[RouterExplorer] [39m[32mMapped {/expenses, POST} route[39m[38;5;3m +0ms[39m
[32m[Nest] 60928  - [39m02/08/2026, 3:13:35 PM [32m    LOG[39m [38;5;3m[RouterExplorer] [39m[32mMapped {/expenses/my, GET} route[39m[38;5;3m +1ms[39m
[32m[Nest] 60928  - [39m02/08/2026, 3:13:35 PM [32m    LOG[39m [38;5;3m[RouterExplorer] [39m[32mMapped {/expenses/by-ticket/:ticketId, GET} route[39m[38;5;3m +0ms[39m
[32m[Nest] 60928  - [39m02/08/2026, 3:13:35 PM [32m    LOG[39m [38;5;3m[RouterExplorer] [39m[32mMapped {/expenses/supplier, GET} route[39m[38;5;3m +0ms[39m
[32m[Nest] 60928  - [39m02/08/2026, 3:13:35 PM [32m    LOG[39m [38;5;3m[RoutesResolver] [39m[32mInvoicesController {/invoices}:[39m[38;5;3m +0ms[39m
[32m[Nest] 60928  - [39m02/08/2026, 3:13:35 PM [32m    LOG[39m [38;5;3m[RouterExplorer] [39m[32mMapped {/invoices, POST} route[39m[38;5;3m +1ms[39m
[32m[Nest] 60928  - [39m02/08/2026, 3:13:35 PM [32m    LOG[39m [38;5;3m[RouterExplorer] [39m[32mMapped {/invoices, GET} route[39m[38;5;3m +0ms[39m
[32m[Nest] 60928  - [39m02/08/2026, 3:13:35 PM [32m    LOG[39m [38;5;3m[RouterExplorer] [39m[32mMapped {/invoices/:id, DELETE} route[39m[38;5;3m +0ms[39m
[32m[Nest] 60928  - [39m02/08/2026, 3:13:35 PM [32m    LOG[39m [38;5;3m[RouterExplorer] [39m[32mMapped {/invoices/supplier/:id, GET} route[39m[38;5;3m +1ms[39m
[32m[Nest] 60928  - [39m02/08/2026, 3:13:35 PM [32m    LOG[39m [38;5;3m[RouterExplorer] [39m[32mMapped {/invoices/supplier/all, GET} route[39m[38;5;3m +0ms[39m
[32m[Nest] 60928  - [39m02/08/2026, 3:13:35 PM [32m    LOG[39m [38;5;3m[RoutesResolver] [39m[32mPaymentsController {/payments}:[39m[38;5;3m +0ms[39m
[32m[Nest] 60928  - [39m02/08/2026, 3:13:35 PM [32m    LOG[39m [38;5;3m[RouterExplorer] [39m[32mMapped {/payments, POST} route[39m[38;5;3m +0ms[39m
[32m[Nest] 60928  - [39m02/08/2026, 3:13:35 PM [32m    LOG[39m [38;5;3m[RouterExplorer] [39m[32mMapped {/payments/invoice/:id, GET} route[39m[38;5;3m +0ms[39m
[32m[Nest] 60928  - [39m02/08/2026, 3:13:35 PM [32m    LOG[39m [38;5;3m[RoutesResolver] [39m[32mCommissionsController {/commissions}:[39m[38;5;3m +1ms[39m
[32m[Nest] 60928  - [39m02/08/2026, 3:13:35 PM [32m    LOG[39m [38;5;3m[RouterExplorer] [39m[32mMapped {/commissions, GET} route[39m[38;5;3m +0ms[39m
[32m[Nest] 60928  - [39m02/08/2026, 3:13:35 PM [32m    LOG[39m [38;5;3m[RouterExplorer] [39m[32mMapped {/commissions/total, GET} route[39m[38;5;3m +0ms[39m
[32m[Nest] 60928  - [39m02/08/2026, 3:13:35 PM [32m    LOG[39m [38;5;3m[NestApplication] [39m[32mNest application successfully started[39m[38;5;3m +10ms[39m
[32m[Nest] 60928  - [39m02/08/2026, 3:13:35 PM [32m    LOG[39m [38;5;3m[Bootstrap] [39m[32mBackend listening on PORT=3000[39m
[32m[Nest] 60928  - [39m02/08/2026, 3:13:35 PM [32m    LOG[39m [38;5;3m[Bootstrap] [39m[32mConnected to DB: housing_db@localhost:3306[39m
[2J[3J[H[[90m3:14:31 PM[0m] File change detected. Starting incremental compilation...

[[90m3:14:32 PM[0m] Found 0 errors. Watching for file changes.

[32m[Nest] 25112  - [39m02/08/2026, 3:14:33 PM [32m    LOG[39m [38;5;3m[NestFactory] [39m[32mStarting Nest application...[39m
[32m[Nest] 25112  - [39m02/08/2026, 3:14:33 PM [32m    LOG[39m [38;5;3m[InstanceLoader] [39m[32mAppModule dependencies initialized[39m[38;5;3m +16ms[39m
[32m[Nest] 25112  - [39m02/08/2026, 3:14:33 PM [32m    LOG[39m [38;5;3m[InstanceLoader] [39m[32mPrismaModule dependencies initialized[39m[38;5;3m +2ms[39m
[32m[Nest] 25112  - [39m02/08/2026, 3:14:33 PM [32m    LOG[39m [38;5;3m[InstanceLoader] [39m[32mPassportModule dependencies initialized[39m[38;5;3m +1ms[39m
[32m[Nest] 25112  - [39m02/08/2026, 3:14:33 PM [32m    LOG[39m [38;5;3m[InstanceLoader] [39m[32mJwtModule dependencies initialized[39m[38;5;3m +3ms[39m
[32m[Nest] 25112  - [39m02/08/2026, 3:14:33 PM [32m    LOG[39m [38;5;3m[InstanceLoader] [39m[32mUsersModule dependencies initialized[39m[38;5;3m +0ms[39m
[32m[Nest] 25112  - [39m02/08/2026, 3:14:33 PM [32m    LOG[39m [38;5;3m[InstanceLoader] [39m[32mAppointmentsModule dependencies initialized[39m[38;5;3m +1ms[39m
[32m[Nest] 25112  - [39m02/08/2026, 3:14:33 PM [32m    LOG[39m [38;5;3m[InstanceLoader] [39m[32mTicketLogsModule dependencies initialized[39m[38;5;3m +0ms[39m
[32m[Nest] 25112  - [39m02/08/2026, 3:14:33 PM [32m    LOG[39m [38;5;3m[InstanceLoader] [39m[32mCommissionsModule dependencies initialized[39m[38;5;3m +0ms[39m
[32m[Nest] 25112  - [39m02/08/2026, 3:14:33 PM [32m    LOG[39m [38;5;3m[InstanceLoader] [39m[32mPaymentsModule dependencies initialized[39m[38;5;3m +1ms[39m
[32m[Nest] 25112  - [39m02/08/2026, 3:14:33 PM [32m    LOG[39m [38;5;3m[InstanceLoader] [39m[32mInvoicesModule dependencies initialized[39m[38;5;3m +0ms[39m
[32m[Nest] 25112  - [39m02/08/2026, 3:14:33 PM [32m    LOG[39m [38;5;3m[InstanceLoader] [39m[32mPropertyModule dependencies initialized[39m[38;5;3m +0ms[39m
[32m[Nest] 25112  - [39m02/08/2026, 3:14:33 PM [32m    LOG[39m [38;5;3m[InstanceLoader] [39m[32mTicketsModule dependencies initialized[39m[38;5;3m +0ms[39m
[32m[Nest] 25112  - [39m02/08/2026, 3:14:33 PM [32m    LOG[39m [38;5;3m[InstanceLoader] [39m[32mExpensesModule dependencies initialized[39m[38;5;3m +0ms[39m
[32m[Nest] 25112  - [39m02/08/2026, 3:14:33 PM [32m    LOG[39m [38;5;3m[InstanceLoader] [39m[32mAuthModule dependencies initialized[39m[38;5;3m +0ms[39m
[32m[Nest] 25112  - [39m02/08/2026, 3:14:33 PM [32m    LOG[39m [38;5;3m[RoutesResolver] [39m[32mUsersController {/users}:[39m[38;5;3m +3ms[39m
[32m[Nest] 25112  - [39m02/08/2026, 3:14:33 PM [32m    LOG[39m [38;5;3m[RouterExplorer] [39m[32mMapped {/users, GET} route[39m[38;5;3m +2ms[39m
[32m[Nest] 25112  - [39m02/08/2026, 3:14:33 PM [32m    LOG[39m [38;5;3m[RouterExplorer] [39m[32mMapped {/users/role/:role, GET} route[39m[38;5;3m +0ms[39m
[32m[Nest] 25112  - [39m02/08/2026, 3:14:33 PM [32m    LOG[39m [38;5;3m[RouterExplorer] [39m[32mMapped {/users/:id, GET} route[39m[38;5;3m +1ms[39m
[32m[Nest] 25112  - [39m02/08/2026, 3:14:33 PM [32m    LOG[39m [38;5;3m[RouterExplorer] [39m[32mMapped {/users, POST} route[39m[38;5;3m +0ms[39m
[32m[Nest] 25112  - [39m02/08/2026, 3:14:33 PM [32m    LOG[39m [38;5;3m[RouterExplorer] [39m[32mMapped {/users/:id, PUT} route[39m[38;5;3m +0ms[39m
[32m[Nest] 25112  - [39m02/08/2026, 3:14:33 PM [32m    LOG[39m [38;5;3m[RouterExplorer] [39m[32mMapped {/users/:id, DELETE} route[39m[38;5;3m +1ms[39m
[32m[Nest] 25112  - [39m02/08/2026, 3:14:33 PM [32m    LOG[39m [38;5;3m[RoutesResolver] [39m[32mAuthController {/auth}:[39m[38;5;3m +0ms[39m
[32m[Nest] 25112  - [39m02/08/2026, 3:14:33 PM [32m    LOG[39m [38;5;3m[RouterExplorer] [39m[32mMapped {/auth/register, POST} route[39m[38;5;3m +0ms[39m
[32m[Nest] 25112  - [39m02/08/2026, 3:14:33 PM [32m    LOG[39m [38;5;3m[RouterExplorer] [39m[32mMapped {/auth/login, POST} route[39m[38;5;3m +0ms[39m
[32m[Nest] 25112  - [39m02/08/2026, 3:14:33 PM [32m    LOG[39m [38;5;3m[RouterExplorer] [39m[32mMapped {/auth/me, GET} route[39m[38;5;3m +1ms[39m
[32m[Nest] 25112  - [39m02/08/2026, 3:14:33 PM [32m    LOG[39m [38;5;3m[RoutesResolver] [39m[32mPropertyController {/properties}:[39m[38;5;3m +0ms[39m
[32m[Nest] 25112  - [39m02/08/2026, 3:14:33 PM [32m    LOG[39m [38;5;3m[RouterExplorer] [39m[32mMapped {/properties, GET} route[39m[38;5;3m +1ms[39m
[32m[Nest] 25112  - [39m02/08/2026, 3:14:33 PM [32m    LOG[39m [38;5;3m[RouterExplorer] [39m[32mMapped {/properties/:id, GET} route[39m[38;5;3m +0ms[39m
[32m[Nest] 25112  - [39m02/08/2026, 3:14:33 PM [32m    LOG[39m [38;5;3m[RouterExplorer] [39m[32mMapped {/properties, POST} route[39m[38;5;3m +0ms[39m
[32m[Nest] 25112  - [39m02/08/2026, 3:14:33 PM [32m    LOG[39m [38;5;3m[RouterExplorer] [39m[32mMapped {/properties/:id, PUT} route[39m[38;5;3m +1ms[39m
[32m[Nest] 25112  - [39m02/08/2026, 3:14:33 PM [32m    LOG[39m [38;5;3m[RouterExplorer] [39m[32mMapped {/properties/:id, DELETE} route[39m[38;5;3m +0ms[39m
[32m[Nest] 25112  - [39m02/08/2026, 3:14:33 PM [32m    LOG[39m [38;5;3m[RoutesResolver] [39m[32mAppointmentsController {/appointments}:[39m[38;5;3m +0ms[39m
[32m[Nest] 25112  - [39m02/08/2026, 3:14:33 PM [32m    LOG[39m [38;5;3m[RouterExplorer] [39m[32mMapped {/appointments, POST} route[39m[38;5;3m +0ms[39m
[32m[Nest] 25112  - [39m02/08/2026, 3:14:33 PM [32m    LOG[39m [38;5;3m[RouterExplorer] [39m[32mMapped {/appointments, GET} route[39m[38;5;3m +1ms[39m
[32m[Nest] 25112  - [39m02/08/2026, 3:14:33 PM [32m    LOG[39m [38;5;3m[RouterExplorer] [39m[32mMapped {/appointments/:id, GET} route[39m[38;5;3m +0ms[39m
[32m[Nest] 25112  - [39m02/08/2026, 3:14:33 PM [32m    LOG[39m [38;5;3m[RouterExplorer] [39m[32mMapped {/appointments/:id, PATCH} route[39m[38;5;3m +0ms[39m
[32m[Nest] 25112  - [39m02/08/2026, 3:14:33 PM [32m    LOG[39m [38;5;3m[RouterExplorer] [39m[32mMapped {/appointments/:id, DELETE} route[39m[38;5;3m +0ms[39m
[32m[Nest] 25112  - [39m02/08/2026, 3:14:33 PM [32m    LOG[39m [38;5;3m[RoutesResolver] [39m[32mTicketsController {/tickets}:[39m[38;5;3m +1ms[39m
[32m[Nest] 25112  - [39m02/08/2026, 3:14:33 PM [32m    LOG[39m [38;5;3m[RouterExplorer] [39m[32mMapped {/tickets, POST} route[39m[38;5;3m +0ms[39m
[32m[Nest] 25112  - [39m02/08/2026, 3:14:33 PM [32m    LOG[39m [38;5;3m[RouterExplorer] [39m[32mMapped {/tickets/my, GET} route[39m[38;5;3m +0ms[39m
[32m[Nest] 25112  - [39m02/08/2026, 3:14:33 PM [32m    LOG[39m [38;5;3m[RouterExplorer] [39m[32mMapped {/tickets, GET} route[39m[38;5;3m +1ms[39m
[32m[Nest] 25112  - [39m02/08/2026, 3:14:33 PM [32m    LOG[39m [38;5;3m[RouterExplorer] [39m[32mMapped {/tickets/assigned-to/me, GET} route[39m[38;5;3m +0ms[39m
[32m[Nest] 25112  - [39m02/08/2026, 3:14:33 PM [32m    LOG[39m [38;5;3m[RouterExplorer] [39m[32mMapped {/tickets/supplier/me, GET} route[39m[38;5;3m +0ms[39m
[32m[Nest] 25112  - [39m02/08/2026, 3:14:33 PM [32m    LOG[39m [38;5;3m[RouterExplorer] [39m[32mMapped {/tickets/:id, GET} route[39m[38;5;3m +1ms[39m
[32m[Nest] 25112  - [39m02/08/2026, 3:14:33 PM [32m    LOG[39m [38;5;3m[RouterExplorer] [39m[32mMapped {/tickets/:id, PUT} route[39m[38;5;3m +0ms[39m
[32m[Nest] 25112  - [39m02/08/2026, 3:14:33 PM [32m    LOG[39m [38;5;3m[RouterExplorer] [39m[32mMapped {/tickets/:id, DELETE} route[39m[38;5;3m +0ms[39m
[32m[Nest] 25112  - [39m02/08/2026, 3:14:33 PM [32m    LOG[39m [38;5;3m[RouterExplorer] [39m[32mMapped {/tickets/:id/assign-worker/:workerId, PUT} route[39m[38;5;3m +1ms[39m
[32m[Nest] 25112  - [39m02/08/2026, 3:14:33 PM [32m    LOG[39m [38;5;3m[RouterExplorer] [39m[32mMapped {/tickets/:id/assign-supplier/:supplierId, PUT} route[39m[38;5;3m +0ms[39m
[32m[Nest] 25112  - [39m02/08/2026, 3:14:33 PM [32m    LOG[39m [38;5;3m[RouterExplorer] [39m[32mMapped {/tickets/:id/status/:status, PUT} route[39m[38;5;3m +0ms[39m
[32m[Nest] 25112  - [39m02/08/2026, 3:14:33 PM [32m    LOG[39m [38;5;3m[RoutesResolver] [39m[32mTicketLogsController {/ticket-logs}:[39m[38;5;3m +0ms[39m
[32m[Nest] 25112  - [39m02/08/2026, 3:14:33 PM [32m    LOG[39m [38;5;3m[RouterExplorer] [39m[32mMapped {/ticket-logs/:ticketId, GET} route[39m[38;5;3m +0ms[39m
[32m[Nest] 25112  - [39m02/08/2026, 3:14:33 PM [32m    LOG[39m [38;5;3m[RoutesResolver] [39m[32mExpensesController {/expenses}:[39m[38;5;3m +0ms[39m
[32m[Nest] 25112  - [39m02/08/2026, 3:14:33 PM [32m    LOG[39m [38;5;3m[RouterExplorer] [39m[32mMapped {/expenses, POST} route[39m[38;5;3m +1ms[39m
[32m[Nest] 25112  - [39m02/08/2026, 3:14:33 PM [32m    LOG[39m [38;5;3m[RouterExplorer] [39m[32mMapped {/expenses/my, GET} route[39m[38;5;3m +0ms[39m
[32m[Nest] 25112  - [39m02/08/2026, 3:14:33 PM [32m    LOG[39m [38;5;3m[RouterExplorer] [39m[32mMapped {/expenses/by-ticket/:ticketId, GET} route[39m[38;5;3m +0ms[39m
[32m[Nest] 25112  - [39m02/08/2026, 3:14:33 PM [32m    LOG[39m [38;5;3m[RouterExplorer] [39m[32mMapped {/expenses/supplier, GET} route[39m[38;5;3m +0ms[39m
[32m[Nest] 25112  - [39m02/08/2026, 3:14:33 PM [32m    LOG[39m [38;5;3m[RoutesResolver] [39m[32mInvoicesController {/invoices}:[39m[38;5;3m +0ms[39m
[32m[Nest] 25112  - [39m02/08/2026, 3:14:33 PM [32m    LOG[39m [38;5;3m[RouterExplorer] [39m[32mMapped {/invoices, POST} route[39m[38;5;3m +1ms[39m
[32m[Nest] 25112  - [39m02/08/2026, 3:14:33 PM [32m    LOG[39m [38;5;3m[RouterExplorer] [39m[32mMapped {/invoices, GET} route[39m[38;5;3m +0ms[39m
[32m[Nest] 25112  - [39m02/08/2026, 3:14:33 PM [32m    LOG[39m [38;5;3m[RouterExplorer] [39m[32mMapped {/invoices/:id, DELETE} route[39m[38;5;3m +0ms[39m
[32m[Nest] 25112  - [39m02/08/2026, 3:14:33 PM [32m    LOG[39m [38;5;3m[RouterExplorer] [39m[32mMapped {/invoices/supplier/:id, GET} route[39m[38;5;3m +0ms[39m
[32m[Nest] 25112  - [39m02/08/2026, 3:14:33 PM [32m    LOG[39m [38;5;3m[RouterExplorer] [39m[32mMapped {/invoices/supplier/all, GET} route[39m[38;5;3m +0ms[39m
[32m[Nest] 25112  - [39m02/08/2026, 3:14:33 PM [32m    LOG[39m [38;5;3m[RoutesResolver] [39m[32mPaymentsController {/payments}:[39m[38;5;3m +1ms[39m
[32m[Nest] 25112  - [39m02/08/2026, 3:14:33 PM [32m    LOG[39m [38;5;3m[RouterExplorer] [39m[32mMapped {/payments, POST} route[39m[38;5;3m +0ms[39m
[32m[Nest] 25112  - [39m02/08/2026, 3:14:33 PM [32m    LOG[39m [38;5;3m[RouterExplorer] [39m[32mMapped {/payments/invoice/:id, GET} route[39m[38;5;3m +0ms[39m
[32m[Nest] 25112  - [39m02/08/2026, 3:14:33 PM [32m    LOG[39m [38;5;3m[RoutesResolver] [39m[32mCommissionsController {/commissions}:[39m[38;5;3m +0ms[39m
[32m[Nest] 25112  - [39m02/08/2026, 3:14:33 PM [32m    LOG[39m [38;5;3m[RouterExplorer] [39m[32mMapped {/commissions, GET} route[39m[38;5;3m +0ms[39m
[32m[Nest] 25112  - [39m02/08/2026, 3:14:33 PM [32m    LOG[39m [38;5;3m[RouterExplorer] [39m[32mMapped {/commissions/total, GET} route[39m[38;5;3m +0ms[39m
[32m[Nest] 25112  - [39m02/08/2026, 3:14:33 PM [32m    LOG[39m [38;5;3m[NestApplication] [39m[32mNest application successfully started[39m[38;5;3m +13ms[39m
[2J[3J[H[[90m3:15:40 PM[0m] File change detected. Starting incremental compilation...

[[90m3:15:41 PM[0m] Found 0 errors. Watching for file changes.

[32m[Nest] 66748  - [39m02/08/2026, 3:15:41 PM [32m    LOG[39m [38;5;3m[NestFactory] [39m[32mStarting Nest application...[39m
[32m[Nest] 66748  - [39m02/08/2026, 3:15:41 PM [32m    LOG[39m [38;5;3m[InstanceLoader] [39m[32mAppModule dependencies initialized[39m[38;5;3m +14ms[39m
[32m[Nest] 66748  - [39m02/08/2026, 3:15:41 PM [32m    LOG[39m [38;5;3m[InstanceLoader] [39m[32mPrismaModule dependencies initialized[39m[38;5;3m +2ms[39m
[32m[Nest] 66748  - [39m02/08/2026, 3:15:41 PM [32m    LOG[39m [38;5;3m[InstanceLoader] [39m[32mPassportModule dependencies initialized[39m[38;5;3m +0ms[39m
[32m[Nest] 66748  - [39m02/08/2026, 3:15:41 PM [32m    LOG[39m [38;5;3m[InstanceLoader] [39m[32mJwtModule dependencies initialized[39m[38;5;3m +3ms[39m
[32m[Nest] 66748  - [39m02/08/2026, 3:15:41 PM [32m    LOG[39m [38;5;3m[InstanceLoader] [39m[32mUsersModule dependencies initialized[39m[38;5;3m +1ms[39m
[32m[Nest] 66748  - [39m02/08/2026, 3:15:41 PM [32m    LOG[39m [38;5;3m[InstanceLoader] [39m[32mAppointmentsModule dependencies initialized[39m[38;5;3m +1ms[39m
[32m[Nest] 66748  - [39m02/08/2026, 3:15:41 PM [32m    LOG[39m [38;5;3m[InstanceLoader] [39m[32mTicketLogsModule dependencies initialized[39m[38;5;3m +0ms[39m
[32m[Nest] 66748  - [39m02/08/2026, 3:15:41 PM [32m    LOG[39m [38;5;3m[InstanceLoader] [39m[32mCommissionsModule dependencies initialized[39m[38;5;3m +0ms[39m
[32m[Nest] 66748  - [39m02/08/2026, 3:15:41 PM [32m    LOG[39m [38;5;3m[InstanceLoader] [39m[32mPaymentsModule dependencies initialized[39m[38;5;3m +0ms[39m
[32m[Nest] 66748  - [39m02/08/2026, 3:15:41 PM [32m    LOG[39m [38;5;3m[InstanceLoader] [39m[32mInvoicesModule dependencies initialized[39m[38;5;3m +0ms[39m
[32m[Nest] 66748  - [39m02/08/2026, 3:15:41 PM [32m    LOG[39m [38;5;3m[InstanceLoader] [39m[32mPropertyModule dependencies initialized[39m[38;5;3m +1ms[39m
[32m[Nest] 66748  - [39m02/08/2026, 3:15:41 PM [32m    LOG[39m [38;5;3m[InstanceLoader] [39m[32mTicketsModule dependencies initialized[39m[38;5;3m +0ms[39m
[32m[Nest] 66748  - [39m02/08/2026, 3:15:41 PM [32m    LOG[39m [38;5;3m[InstanceLoader] [39m[32mExpensesModule dependencies initialized[39m[38;5;3m +0ms[39m
[32m[Nest] 66748  - [39m02/08/2026, 3:15:41 PM [32m    LOG[39m [38;5;3m[InstanceLoader] [39m[32mAuthModule dependencies initialized[39m[38;5;3m +0ms[39m
[32m[Nest] 66748  - [39m02/08/2026, 3:15:41 PM [32m    LOG[39m [38;5;3m[RoutesResolver] [39m[32mUsersController {/users}:[39m[38;5;3m +2ms[39m
[32m[Nest] 66748  - [39m02/08/2026, 3:15:41 PM [32m    LOG[39m [38;5;3m[RouterExplorer] [39m[32mMapped {/users, GET} route[39m[38;5;3m +2ms[39m
[32m[Nest] 66748  - [39m02/08/2026, 3:15:41 PM [32m    LOG[39m [38;5;3m[RouterExplorer] [39m[32mMapped {/users/role/:role, GET} route[39m[38;5;3m +1ms[39m
[32m[Nest] 66748  - [39m02/08/2026, 3:15:41 PM [32m    LOG[39m [38;5;3m[RouterExplorer] [39m[32mMapped {/users/:id, GET} route[39m[38;5;3m +1ms[39m
[32m[Nest] 66748  - [39m02/08/2026, 3:15:41 PM [32m    LOG[39m [38;5;3m[RouterExplorer] [39m[32mMapped {/users, POST} route[39m[38;5;3m +0ms[39m
[32m[Nest] 66748  - [39m02/08/2026, 3:15:41 PM [32m    LOG[39m [38;5;3m[RouterExplorer] [39m[32mMapped {/users/:id, PUT} route[39m[38;5;3m +0ms[39m
[32m[Nest] 66748  - [39m02/08/2026, 3:15:41 PM [32m    LOG[39m [38;5;3m[RouterExplorer] [39m[32mMapped {/users/:id, DELETE} route[39m[38;5;3m +1ms[39m
[32m[Nest] 66748  - [39m02/08/2026, 3:15:41 PM [32m    LOG[39m [38;5;3m[RoutesResolver] [39m[32mAuthController {/auth}:[39m[38;5;3m +0ms[39m
[32m[Nest] 66748  - [39m02/08/2026, 3:15:41 PM [32m    LOG[39m [38;5;3m[RouterExplorer] [39m[32mMapped {/auth/register, POST} route[39m[38;5;3m +0ms[39m
[32m[Nest] 66748  - [39m02/08/2026, 3:15:41 PM [32m    LOG[39m [38;5;3m[RouterExplorer] [39m[32mMapped {/auth/login, POST} route[39m[38;5;3m +0ms[39m
[32m[Nest] 66748  - [39m02/08/2026, 3:15:41 PM [32m    LOG[39m [38;5;3m[RouterExplorer] [39m[32mMapped {/auth/me, GET} route[39m[38;5;3m +1ms[39m
[32m[Nest] 66748  - [39m02/08/2026, 3:15:41 PM [32m    LOG[39m [38;5;3m[RoutesResolver] [39m[32mPropertyController {/properties}:[39m[38;5;3m +0ms[39m
[32m[Nest] 66748  - [39m02/08/2026, 3:15:41 PM [32m    LOG[39m [38;5;3m[RouterExplorer] [39m[32mMapped {/properties, GET} route[39m[38;5;3m +0ms[39m
[32m[Nest] 66748  - [39m02/08/2026, 3:15:41 PM [32m    LOG[39m [38;5;3m[RouterExplorer] [39m[32mMapped {/properties/:id, GET} route[39m[38;5;3m +1ms[39m
[32m[Nest] 66748  - [39m02/08/2026, 3:15:41 PM [32m    LOG[39m [38;5;3m[RouterExplorer] [39m[32mMapped {/properties, POST} route[39m[38;5;3m +0ms[39m
[32m[Nest] 66748  - [39m02/08/2026, 3:15:41 PM [32m    LOG[39m [38;5;3m[RouterExplorer] [39m[32mMapped {/properties/:id, PUT} route[39m[38;5;3m +0ms[39m
[32m[Nest] 66748  - [39m02/08/2026, 3:15:41 PM [32m    LOG[39m [38;5;3m[RouterExplorer] [39m[32mMapped {/properties/:id, DELETE} route[39m[38;5;3m +0ms[39m
[32m[Nest] 66748  - [39m02/08/2026, 3:15:41 PM [32m    LOG[39m [38;5;3m[RoutesResolver] [39m[32mAppointmentsController {/appointments}:[39m[38;5;3m +1ms[39m
[32m[Nest] 66748  - [39m02/08/2026, 3:15:41 PM [32m    LOG[39m [38;5;3m[RouterExplorer] [39m[32mMapped {/appointments, POST} route[39m[38;5;3m +0ms[39m
[32m[Nest] 66748  - [39m02/08/2026, 3:15:41 PM [32m    LOG[39m [38;5;3m[RouterExplorer] [39m[32mMapped {/appointments, GET} route[39m[38;5;3m +0ms[39m
[32m[Nest] 66748  - [39m02/08/2026, 3:15:41 PM [32m    LOG[39m [38;5;3m[RouterExplorer] [39m[32mMapped {/appointments/:id, GET} route[39m[38;5;3m +0ms[39m
[32m[Nest] 66748  - [39m02/08/2026, 3:15:41 PM [32m    LOG[39m [38;5;3m[RouterExplorer] [39m[32mMapped {/appointments/:id, PATCH} route[39m[38;5;3m +0ms[39m
[32m[Nest] 66748  - [39m02/08/2026, 3:15:41 PM [32m    LOG[39m [38;5;3m[RouterExplorer] [39m[32mMapped {/appointments/:id, DELETE} route[39m[38;5;3m +1ms[39m
[32m[Nest] 66748  - [39m02/08/2026, 3:15:41 PM [32m    LOG[39m [38;5;3m[RoutesResolver] [39m[32mTicketsController {/tickets}:[39m[38;5;3m +0ms[39m
[32m[Nest] 66748  - [39m02/08/2026, 3:15:41 PM [32m    LOG[39m [38;5;3m[RouterExplorer] [39m[32mMapped {/tickets, POST} route[39m[38;5;3m +1ms[39m
[32m[Nest] 66748  - [39m02/08/2026, 3:15:41 PM [32m    LOG[39m [38;5;3m[RouterExplorer] [39m[32mMapped {/tickets/my, GET} route[39m[38;5;3m +0ms[39m
[32m[Nest] 66748  - [39m02/08/2026, 3:15:41 PM [32m    LOG[39m [38;5;3m[RouterExplorer] [39m[32mMapped {/tickets, GET} route[39m[38;5;3m +0ms[39m
[32m[Nest] 66748  - [39m02/08/2026, 3:15:41 PM [32m    LOG[39m [38;5;3m[RouterExplorer] [39m[32mMapped {/tickets/assigned-to/me, GET} route[39m[38;5;3m +0ms[39m
[32m[Nest] 66748  - [39m02/08/2026, 3:15:41 PM [32m    LOG[39m [38;5;3m[RouterExplorer] [39m[32mMapped {/tickets/supplier/me, GET} route[39m[38;5;3m +0ms[39m
[32m[Nest] 66748  - [39m02/08/2026, 3:15:41 PM [32m    LOG[39m [38;5;3m[RouterExplorer] [39m[32mMapped {/tickets/:id, GET} route[39m[38;5;3m +1ms[39m
[32m[Nest] 66748  - [39m02/08/2026, 3:15:41 PM [32m    LOG[39m [38;5;3m[RouterExplorer] [39m[32mMapped {/tickets/:id, PUT} route[39m[38;5;3m +0ms[39m
[32m[Nest] 66748  - [39m02/08/2026, 3:15:41 PM [32m    LOG[39m [38;5;3m[RouterExplorer] [39m[32mMapped {/tickets/:id, DELETE} route[39m[38;5;3m +0ms[39m
[32m[Nest] 66748  - [39m02/08/2026, 3:15:41 PM [32m    LOG[39m [38;5;3m[RouterExplorer] [39m[32mMapped {/tickets/:id/assign-worker/:workerId, PUT} route[39m[38;5;3m +0ms[39m
[32m[Nest] 66748  - [39m02/08/2026, 3:15:41 PM [32m    LOG[39m [38;5;3m[RouterExplorer] [39m[32mMapped {/tickets/:id/assign-supplier/:supplierId, PUT} route[39m[38;5;3m +1ms[39m
[32m[Nest] 66748  - [39m02/08/2026, 3:15:41 PM [32m    LOG[39m [38;5;3m[RouterExplorer] [39m[32mMapped {/tickets/:id/status/:status, PUT} route[39m[38;5;3m +0ms[39m
[32m[Nest] 66748  - [39m02/08/2026, 3:15:41 PM [32m    LOG[39m [38;5;3m[RoutesResolver] [39m[32mTicketLogsController {/ticket-logs}:[39m[38;5;3m +0ms[39m
[32m[Nest] 66748  - [39m02/08/2026, 3:15:41 PM [32m    LOG[39m [38;5;3m[RouterExplorer] [39m[32mMapped {/ticket-logs/:ticketId, GET} route[39m[38;5;3m +1ms[39m
[32m[Nest] 66748  - [39m02/08/2026, 3:15:41 PM [32m    LOG[39m [38;5;3m[RoutesResolver] [39m[32mExpensesController {/expenses}:[39m[38;5;3m +0ms[39m
[32m[Nest] 66748  - [39m02/08/2026, 3:15:41 PM [32m    LOG[39m [38;5;3m[RouterExplorer] [39m[32mMapped {/expenses, POST} route[39m[38;5;3m +0ms[39m
[32m[Nest] 66748  - [39m02/08/2026, 3:15:41 PM [32m    LOG[39m [38;5;3m[RouterExplorer] [39m[32mMapped {/expenses/my, GET} route[39m[38;5;3m +0ms[39m
[32m[Nest] 66748  - [39m02/08/2026, 3:15:41 PM [32m    LOG[39m [38;5;3m[RouterExplorer] [39m[32mMapped {/expenses/by-ticket/:ticketId, GET} route[39m[38;5;3m +0ms[39m
[32m[Nest] 66748  - [39m02/08/2026, 3:15:41 PM [32m    LOG[39m [38;5;3m[RouterExplorer] [39m[32mMapped {/expenses/supplier, GET} route[39m[38;5;3m +1ms[39m
[32m[Nest] 66748  - [39m02/08/2026, 3:15:41 PM [32m    LOG[39m [38;5;3m[RoutesResolver] [39m[32mInvoicesController {/invoices}:[39m[38;5;3m +0ms[39m
[32m[Nest] 66748  - [39m02/08/2026, 3:15:41 PM [32m    LOG[39m [38;5;3m[RouterExplorer] [39m[32mMapped {/invoices, POST} route[39m[38;5;3m +0ms[39m
[32m[Nest] 66748  - [39m02/08/2026, 3:15:41 PM [32m    LOG[39m [38;5;3m[RouterExplorer] [39m[32mMapped {/invoices, GET} route[39m[38;5;3m +0ms[39m
[32m[Nest] 66748  - [39m02/08/2026, 3:15:41 PM [32m    LOG[39m [38;5;3m[RouterExplorer] [39m[32mMapped {/invoices/:id, DELETE} route[39m[38;5;3m +1ms[39m
[32m[Nest] 66748  - [39m02/08/2026, 3:15:41 PM [32m    LOG[39m [38;5;3m[RouterExplorer] [39m[32mMapped {/invoices/supplier/:id, GET} route[39m[38;5;3m +0ms[39m
[32m[Nest] 66748  - [39m02/08/2026, 3:15:41 PM [32m    LOG[39m [38;5;3m[RouterExplorer] [39m[32mMapped {/invoices/supplier/all, GET} route[39m[38;5;3m +0ms[39m
[32m[Nest] 66748  - [39m02/08/2026, 3:15:41 PM [32m    LOG[39m [38;5;3m[RoutesResolver] [39m[32mPaymentsController {/payments}:[39m[38;5;3m +0ms[39m
[32m[Nest] 66748  - [39m02/08/2026, 3:15:41 PM [32m    LOG[39m [38;5;3m[RouterExplorer] [39m[32mMapped {/payments, POST} route[39m[38;5;3m +1ms[39m
[32m[Nest] 66748  - [39m02/08/2026, 3:15:41 PM [32m    LOG[39m [38;5;3m[RouterExplorer] [39m[32mMapped {/payments/invoice/:id, GET} route[39m[38;5;3m +0ms[39m
[32m[Nest] 66748  - [39m02/08/2026, 3:15:41 PM [32m    LOG[39m [38;5;3m[RoutesResolver] [39m[32mCommissionsController {/commissions}:[39m[38;5;3m +0ms[39m
[32m[Nest] 66748  - [39m02/08/2026, 3:15:41 PM [32m    LOG[39m [38;5;3m[RouterExplorer] [39m[32mMapped {/commissions, GET} route[39m[38;5;3m +1ms[39m
[32m[Nest] 66748  - [39m02/08/2026, 3:15:41 PM [32m    LOG[39m [38;5;3m[RouterExplorer] [39m[32mMapped {/commissions/total, GET} route[39m[38;5;3m +0ms[39m
[32m[Nest] 66748  - [39m02/08/2026, 3:15:41 PM [32m    LOG[39m [38;5;3m[NestApplication] [39m[32mNest application successfully started[39m[38;5;3m +8ms[39m
[32m[Nest] 66748  - [39m02/08/2026, 3:15:41 PM [32m    LOG[39m [38;5;3m[Bootstrap] [39m[32mBackend listening on PORT=3000[39m
[32m[Nest] 66748  - [39m02/08/2026, 3:15:41 PM [32m    LOG[39m [38;5;3m[Bootstrap] [39m[32mConnected to DB: housing_db@localhost:3306[39m
[2J[3J[H[[90m4:13:10 PM[0m] File change detected. Starting incremental compilation...

[[90m4:13:10 PM[0m] Found 0 errors. Watching for file changes.

[32m[Nest] 60348  - [39m02/08/2026, 4:13:11 PM [32m    LOG[39m [38;5;3m[NestFactory] [39m[32mStarting Nest application...[39m
[32m[Nest] 60348  - [39m02/08/2026, 4:13:11 PM [32m    LOG[39m [38;5;3m[InstanceLoader] [39m[32mAppModule dependencies initialized[39m[38;5;3m +13ms[39m
[32m[Nest] 60348  - [39m02/08/2026, 4:13:11 PM [32m    LOG[39m [38;5;3m[InstanceLoader] [39m[32mPrismaModule dependencies initialized[39m[38;5;3m +3ms[39m
[32m[Nest] 60348  - [39m02/08/2026, 4:13:11 PM [32m    LOG[39m [38;5;3m[InstanceLoader] [39m[32mPassportModule dependencies initialized[39m[38;5;3m +0ms[39m
[32m[Nest] 60348  - [39m02/08/2026, 4:13:11 PM [32m    LOG[39m [38;5;3m[InstanceLoader] [39m[32mJwtModule dependencies initialized[39m[38;5;3m +3ms[39m
[32m[Nest] 60348  - [39m02/08/2026, 4:13:11 PM [32m    LOG[39m [38;5;3m[InstanceLoader] [39m[32mUsersModule dependencies initialized[39m[38;5;3m +1ms[39m
[32m[Nest] 60348  - [39m02/08/2026, 4:13:11 PM [32m    LOG[39m [38;5;3m[InstanceLoader] [39m[32mAppointmentsModule dependencies initialized[39m[38;5;3m +0ms[39m
[32m[Nest] 60348  - [39m02/08/2026, 4:13:11 PM [32m    LOG[39m [38;5;3m[InstanceLoader] [39m[32mTicketLogsModule dependencies initialized[39m[38;5;3m +1ms[39m
[32m[Nest] 60348  - [39m02/08/2026, 4:13:11 PM [32m    LOG[39m [38;5;3m[InstanceLoader] [39m[32mCommissionsModule dependencies initialized[39m[38;5;3m +0ms[39m
[32m[Nest] 60348  - [39m02/08/2026, 4:13:11 PM [32m    LOG[39m [38;5;3m[InstanceLoader] [39m[32mPaymentsModule dependencies initialized[39m[38;5;3m +1ms[39m
[32m[Nest] 60348  - [39m02/08/2026, 4:13:11 PM [32m    LOG[39m [38;5;3m[InstanceLoader] [39m[32mInvoicesModule dependencies initialized[39m[38;5;3m +0ms[39m
[32m[Nest] 60348  - [39m02/08/2026, 4:13:11 PM [32m    LOG[39m [38;5;3m[InstanceLoader] [39m[32mPropertyModule dependencies initialized[39m[38;5;3m +0ms[39m
[32m[Nest] 60348  - [39m02/08/2026, 4:13:11 PM [32m    LOG[39m [38;5;3m[InstanceLoader] [39m[32mTicketsModule dependencies initialized[39m[38;5;3m +0ms[39m
[32m[Nest] 60348  - [39m02/08/2026, 4:13:11 PM [32m    LOG[39m [38;5;3m[InstanceLoader] [39m[32mExpensesModule dependencies initialized[39m[38;5;3m +0ms[39m
[32m[Nest] 60348  - [39m02/08/2026, 4:13:11 PM [32m    LOG[39m [38;5;3m[InstanceLoader] [39m[32mAuthModule dependencies initialized[39m[38;5;3m +1ms[39m
[32m[Nest] 60348  - [39m02/08/2026, 4:13:11 PM [32m    LOG[39m [38;5;3m[RoutesResolver] [39m[32mUsersController {/users}:[39m[38;5;3m +2ms[39m
[32m[Nest] 60348  - [39m02/08/2026, 4:13:11 PM [32m    LOG[39m [38;5;3m[RouterExplorer] [39m[32mMapped {/users, GET} route[39m[38;5;3m +4ms[39m
[32m[Nest] 60348  - [39m02/08/2026, 4:13:11 PM [32m    LOG[39m [38;5;3m[RouterExplorer] [39m[32mMapped {/users/role/:role, GET} route[39m[38;5;3m +0ms[39m
[32m[Nest] 60348  - [39m02/08/2026, 4:13:11 PM [32m    LOG[39m [38;5;3m[RouterExplorer] [39m[32mMapped {/users/:id, GET} route[39m[38;5;3m +1ms[39m
[32m[Nest] 60348  - [39m02/08/2026, 4:13:11 PM [32m    LOG[39m [38;5;3m[RouterExplorer] [39m[32mMapped {/users, POST} route[39m[38;5;3m +0ms[39m
[32m[Nest] 60348  - [39m02/08/2026, 4:13:11 PM [32m    LOG[39m [38;5;3m[RouterExplorer] [39m[32mMapped {/users/:id, PUT} route[39m[38;5;3m +1ms[39m
[32m[Nest] 60348  - [39m02/08/2026, 4:13:11 PM [32m    LOG[39m [38;5;3m[RouterExplorer] [39m[32mMapped {/users/:id, DELETE} route[39m[38;5;3m +0ms[39m
[32m[Nest] 60348  - [39m02/08/2026, 4:13:11 PM [32m    LOG[39m [38;5;3m[RoutesResolver] [39m[32mAuthController {/auth}:[39m[38;5;3m +0ms[39m
[32m[Nest] 60348  - [39m02/08/2026, 4:13:11 PM [32m    LOG[39m [38;5;3m[RouterExplorer] [39m[32mMapped {/auth/register, POST} route[39m[38;5;3m +0ms[39m
[32m[Nest] 60348  - [39m02/08/2026, 4:13:11 PM [32m    LOG[39m [38;5;3m[RouterExplorer] [39m[32mMapped {/auth/login, POST} route[39m[38;5;3m +0ms[39m
[32m[Nest] 60348  - [39m02/08/2026, 4:13:11 PM [32m    LOG[39m [38;5;3m[RouterExplorer] [39m[32mMapped {/auth/me, GET} route[39m[38;5;3m +1ms[39m
[32m[Nest] 60348  - [39m02/08/2026, 4:13:11 PM [32m    LOG[39m [38;5;3m[RoutesResolver] [39m[32mPropertyController {/properties}:[39m[38;5;3m +0ms[39m
[32m[Nest] 60348  - [39m02/08/2026, 4:13:11 PM [32m    LOG[39m [38;5;3m[RouterExplorer] [39m[32mMapped {/properties, GET} route[39m[38;5;3m +1ms[39m
[32m[Nest] 60348  - [39m02/08/2026, 4:13:11 PM [32m    LOG[39m [38;5;3m[RouterExplorer] [39m[32mMapped {/properties/:id, GET} route[39m[38;5;3m +0ms[39m
[32m[Nest] 60348  - [39m02/08/2026, 4:13:11 PM [32m    LOG[39m [38;5;3m[RouterExplorer] [39m[32mMapped {/properties, POST} route[39m[38;5;3m +0ms[39m
[32m[Nest] 60348  - [39m02/08/2026, 4:13:11 PM [32m    LOG[39m [38;5;3m[RouterExplorer] [39m[32mMapped {/properties/:id, PUT} route[39m[38;5;3m +0ms[39m
[32m[Nest] 60348  - [39m02/08/2026, 4:13:11 PM [32m    LOG[39m [38;5;3m[RouterExplorer] [39m[32mMapped {/properties/:id, DELETE} route[39m[38;5;3m +1ms[39m
[32m[Nest] 60348  - [39m02/08/2026, 4:13:11 PM [32m    LOG[39m [38;5;3m[RoutesResolver] [39m[32mAppointmentsController {/appointments}:[39m[38;5;3m +0ms[39m
[32m[Nest] 60348  - [39m02/08/2026, 4:13:11 PM [32m    LOG[39m [38;5;3m[RouterExplorer] [39m[32mMapped {/appointments, POST} route[39m[38;5;3m +0ms[39m
[32m[Nest] 60348  - [39m02/08/2026, 4:13:11 PM [32m    LOG[39m [38;5;3m[RouterExplorer] [39m[32mMapped {/appointments, GET} route[39m[38;5;3m +0ms[39m
[32m[Nest] 60348  - [39m02/08/2026, 4:13:11 PM [32m    LOG[39m [38;5;3m[RouterExplorer] [39m[32mMapped {/appointments/:id, GET} route[39m[38;5;3m +0ms[39m
[32m[Nest] 60348  - [39m02/08/2026, 4:13:11 PM [32m    LOG[39m [38;5;3m[RouterExplorer] [39m[32mMapped {/appointments/:id, PATCH} route[39m[38;5;3m +1ms[39m
[32m[Nest] 60348  - [39m02/08/2026, 4:13:11 PM [32m    LOG[39m [38;5;3m[RouterExplorer] [39m[32mMapped {/appointments/:id, DELETE} route[39m[38;5;3m +0ms[39m
[32m[Nest] 60348  - [39m02/08/2026, 4:13:11 PM [32m    LOG[39m [38;5;3m[RoutesResolver] [39m[32mTicketsController {/tickets}:[39m[38;5;3m +0ms[39m
[32m[Nest] 60348  - [39m02/08/2026, 4:13:11 PM [32m    LOG[39m [38;5;3m[RouterExplorer] [39m[32mMapped {/tickets, POST} route[39m[38;5;3m +0ms[39m
[32m[Nest] 60348  - [39m02/08/2026, 4:13:11 PM [32m    LOG[39m [38;5;3m[RouterExplorer] [39m[32mMapped {/tickets/my, GET} route[39m[38;5;3m +0ms[39m
[32m[Nest] 60348  - [39m02/08/2026, 4:13:11 PM [32m    LOG[39m [38;5;3m[RouterExplorer] [39m[32mMapped {/tickets, GET} route[39m[38;5;3m +1ms[39m
[32m[Nest] 60348  - [39m02/08/2026, 4:13:11 PM [32m    LOG[39m [38;5;3m[RouterExplorer] [39m[32mMapped {/tickets/assigned-to/me, GET} route[39m[38;5;3m +0ms[39m
[32m[Nest] 60348  - [39m02/08/2026, 4:13:11 PM [32m    LOG[39m [38;5;3m[RouterExplorer] [39m[32mMapped {/tickets/supplier/me, GET} route[39m[38;5;3m +0ms[39m
[32m[Nest] 60348  - [39m02/08/2026, 4:13:11 PM [32m    LOG[39m [38;5;3m[RouterExplorer] [39m[32mMapped {/tickets/:id, GET} route[39m[38;5;3m +0ms[39m
[32m[Nest] 60348  - [39m02/08/2026, 4:13:11 PM [32m    LOG[39m [38;5;3m[RouterExplorer] [39m[32mMapped {/tickets/:id, PUT} route[39m[38;5;3m +1ms[39m
[32m[Nest] 60348  - [39m02/08/2026, 4:13:11 PM [32m    LOG[39m [38;5;3m[RouterExplorer] [39m[32mMapped {/tickets/:id, DELETE} route[39m[38;5;3m +0ms[39m
[32m[Nest] 60348  - [39m02/08/2026, 4:13:11 PM [32m    LOG[39m [38;5;3m[RouterExplorer] [39m[32mMapped {/tickets/:id/assign-worker/:workerId, PUT} route[39m[38;5;3m +0ms[39m
[32m[Nest] 60348  - [39m02/08/2026, 4:13:11 PM [32m    LOG[39m [38;5;3m[RouterExplorer] [39m[32mMapped {/tickets/:id/assign-supplier/:supplierId, PUT} route[39m[38;5;3m +1ms[39m
[32m[Nest] 60348  - [39m02/08/2026, 4:13:11 PM [32m    LOG[39m [38;5;3m[RouterExplorer] [39m[32mMapped {/tickets/:id/status/:status, PUT} route[39m[38;5;3m +0ms[39m
[32m[Nest] 60348  - [39m02/08/2026, 4:13:11 PM [32m    LOG[39m [38;5;3m[RoutesResolver] [39m[32mTicketLogsController {/ticket-logs}:[39m[38;5;3m +0ms[39m
[32m[Nest] 60348  - [39m02/08/2026, 4:13:11 PM [32m    LOG[39m [38;5;3m[RouterExplorer] [39m[32mMapped {/ticket-logs/:ticketId, GET} route[39m[38;5;3m +0ms[39m
[32m[Nest] 60348  - [39m02/08/2026, 4:13:11 PM [32m    LOG[39m [38;5;3m[RoutesResolver] [39m[32mExpensesController {/expenses}:[39m[38;5;3m +1ms[39m
[32m[Nest] 60348  - [39m02/08/2026, 4:13:11 PM [32m    LOG[39m [38;5;3m[RouterExplorer] [39m[32mMapped {/expenses, POST} route[39m[38;5;3m +0ms[39m
[32m[Nest] 60348  - [39m02/08/2026, 4:13:11 PM [32m    LOG[39m [38;5;3m[RouterExplorer] [39m[32mMapped {/expenses/my, GET} route[39m[38;5;3m +0ms[39m
[32m[Nest] 60348  - [39m02/08/2026, 4:13:11 PM [32m    LOG[39m [38;5;3m[RouterExplorer] [39m[32mMapped {/expenses/by-ticket/:ticketId, GET} route[39m[38;5;3m +0ms[39m
[32m[Nest] 60348  - [39m02/08/2026, 4:13:11 PM [32m    LOG[39m [38;5;3m[RouterExplorer] [39m[32mMapped {/expenses/supplier, GET} route[39m[38;5;3m +1ms[39m
[32m[Nest] 60348  - [39m02/08/2026, 4:13:11 PM [32m    LOG[39m [38;5;3m[RoutesResolver] [39m[32mInvoicesController {/invoices}:[39m[38;5;3m +0ms[39m
[32m[Nest] 60348  - [39m02/08/2026, 4:13:11 PM [32m    LOG[39m [38;5;3m[RouterExplorer] [39m[32mMapped {/invoices, POST} route[39m[38;5;3m +1ms[39m
[32m[Nest] 60348  - [39m02/08/2026, 4:13:11 PM [32m    LOG[39m [38;5;3m[RouterExplorer] [39m[32mMapped {/invoices, GET} route[39m[38;5;3m +0ms[39m
[32m[Nest] 60348  - [39m02/08/2026, 4:13:11 PM [32m    LOG[39m [38;5;3m[RouterExplorer] [39m[32mMapped {/invoices/:id, DELETE} route[39m[38;5;3m +0ms[39m
[32m[Nest] 60348  - [39m02/08/2026, 4:13:11 PM [32m    LOG[39m [38;5;3m[RouterExplorer] [39m[32mMapped {/invoices/supplier/:id, GET} route[39m[38;5;3m +1ms[39m
[32m[Nest] 60348  - [39m02/08/2026, 4:13:11 PM [32m    LOG[39m [38;5;3m[RouterExplorer] [39m[32mMapped {/invoices/supplier/all, GET} route[39m[38;5;3m +1ms[39m
[32m[Nest] 60348  - [39m02/08/2026, 4:13:11 PM [32m    LOG[39m [38;5;3m[RoutesResolver] [39m[32mPaymentsController {/payments}:[39m[38;5;3m +0ms[39m
[32m[Nest] 60348  - [39m02/08/2026, 4:13:11 PM [32m    LOG[39m [38;5;3m[RouterExplorer] [39m[32mMapped {/payments, POST} route[39m[38;5;3m +0ms[39m
[32m[Nest] 60348  - [39m02/08/2026, 4:13:11 PM [32m    LOG[39m [38;5;3m[RouterExplorer] [39m[32mMapped {/payments/invoice/:id, GET} route[39m[38;5;3m +1ms[39m
[32m[Nest] 60348  - [39m02/08/2026, 4:13:11 PM [32m    LOG[39m [38;5;3m[RoutesResolver] [39m[32mCommissionsController {/commissions}:[39m[38;5;3m +0ms[39m
[32m[Nest] 60348  - [39m02/08/2026, 4:13:11 PM [32m    LOG[39m [38;5;3m[RouterExplorer] [39m[32mMapped {/commissions, GET} route[39m[38;5;3m +0ms[39m
[32m[Nest] 60348  - [39m02/08/2026, 4:13:11 PM [32m    LOG[39m [38;5;3m[RouterExplorer] [39m[32mMapped {/commissions/total, GET} route[39m[38;5;3m +0ms[39m
[32m[Nest] 60348  - [39m02/08/2026, 4:13:11 PM [32m    LOG[39m [38;5;3m[NestApplication] [39m[32mNest application successfully started[39m[38;5;3m +59ms[39m
[2J[3J[H[[90m4:13:11 PM[0m] File change detected. Starting incremental compilation...

[[90m4:13:15 PM[0m] Found 0 errors. Watching for file changes.

[2J[3J[H[[90m4:13:15 PM[0m] File change detected. Starting incremental compilation...

[32m[Nest] 50108  - [39m02/08/2026, 4:13:16 PM [32m    LOG[39m [38;5;3m[NestFactory] [39m[32mStarting Nest application...[39m
[32m[Nest] 50108  - [39m02/08/2026, 4:13:16 PM [32m    LOG[39m [38;5;3m[InstanceLoader] [39m[32mAppModule dependencies initialized[39m[38;5;3m +12ms[39m
[32m[Nest] 50108  - [39m02/08/2026, 4:13:16 PM [32m    LOG[39m [38;5;3m[InstanceLoader] [39m[32mPrismaModule dependencies initialized[39m[38;5;3m +3ms[39m
[32m[Nest] 50108  - [39m02/08/2026, 4:13:16 PM [32m    LOG[39m [38;5;3m[InstanceLoader] [39m[32mPassportModule dependencies initialized[39m[38;5;3m +0ms[39m
[32m[Nest] 50108  - [39m02/08/2026, 4:13:16 PM [32m    LOG[39m [38;5;3m[InstanceLoader] [39m[32mJwtModule dependencies initialized[39m[38;5;3m +7ms[39m
[32m[Nest] 50108  - [39m02/08/2026, 4:13:16 PM [32m    LOG[39m [38;5;3m[InstanceLoader] [39m[32mUsersModule dependencies initialized[39m[38;5;3m +1ms[39m
[32m[Nest] 50108  - [39m02/08/2026, 4:13:16 PM [32m    LOG[39m [38;5;3m[InstanceLoader] [39m[32mAppointmentsModule dependencies initialized[39m[38;5;3m +0ms[39m
[32m[Nest] 50108  - [39m02/08/2026, 4:13:16 PM [32m    LOG[39m [38;5;3m[InstanceLoader] [39m[32mTicketLogsModule dependencies initialized[39m[38;5;3m +0ms[39m
[32m[Nest] 50108  - [39m02/08/2026, 4:13:16 PM [32m    LOG[39m [38;5;3m[InstanceLoader] [39m[32mCommissionsModule dependencies initialized[39m[38;5;3m +1ms[39m
[32m[Nest] 50108  - [39m02/08/2026, 4:13:16 PM [32m    LOG[39m [38;5;3m[InstanceLoader] [39m[32mPaymentsModule dependencies initialized[39m[38;5;3m +0ms[39m
[32m[Nest] 50108  - [39m02/08/2026, 4:13:16 PM [32m    LOG[39m [38;5;3m[InstanceLoader] [39m[32mInvoicesModule dependencies initialized[39m[38;5;3m +0ms[39m
[32m[Nest] 50108  - [39m02/08/2026, 4:13:16 PM [32m    LOG[39m [38;5;3m[InstanceLoader] [39m[32mPropertyModule dependencies initialized[39m[38;5;3m +0ms[39m
[32m[Nest] 50108  - [39m02/08/2026, 4:13:16 PM [32m    LOG[39m [38;5;3m[InstanceLoader] [39m[32mTicketsModule dependencies initialized[39m[38;5;3m +1ms[39m
[32m[Nest] 50108  - [39m02/08/2026, 4:13:16 PM [32m    LOG[39m [38;5;3m[InstanceLoader] [39m[32mExpensesModule dependencies initialized[39m[38;5;3m +0ms[39m
[32m[Nest] 50108  - [39m02/08/2026, 4:13:16 PM [32m    LOG[39m [38;5;3m[InstanceLoader] [39m[32mAuthModule dependencies initialized[39m[38;5;3m +0ms[39m
[32m[Nest] 50108  - [39m02/08/2026, 4:13:16 PM [32m    LOG[39m [38;5;3m[RoutesResolver] [39m[32mUsersController {/users}:[39m[38;5;3m +3ms[39m
[32m[Nest] 50108  - [39m02/08/2026, 4:13:16 PM [32m    LOG[39m [38;5;3m[RouterExplorer] [39m[32mMapped {/users, GET} route[39m[38;5;3m +2ms[39m
[32m[Nest] 50108  - [39m02/08/2026, 4:13:16 PM [32m    LOG[39m [38;5;3m[RouterExplorer] [39m[32mMapped {/users/role/:role, GET} route[39m[38;5;3m +1ms[39m
[32m[Nest] 50108  - [39m02/08/2026, 4:13:16 PM [32m    LOG[39m [38;5;3m[RouterExplorer] [39m[32mMapped {/users/:id, GET} route[39m[38;5;3m +0ms[39m
[32m[Nest] 50108  - [39m02/08/2026, 4:13:16 PM [32m    LOG[39m [38;5;3m[RouterExplorer] [39m[32mMapped {/users, POST} route[39m[38;5;3m +0ms[39m
[32m[Nest] 50108  - [39m02/08/2026, 4:13:16 PM [32m    LOG[39m [38;5;3m[RouterExplorer] [39m[32mMapped {/users/:id, PUT} route[39m[38;5;3m +1ms[39m
[32m[Nest] 50108  - [39m02/08/2026, 4:13:16 PM [32m    LOG[39m [38;5;3m[RouterExplorer] [39m[32mMapped {/users/:id, DELETE} route[39m[38;5;3m +0ms[39m
[32m[Nest] 50108  - [39m02/08/2026, 4:13:16 PM [32m    LOG[39m [38;5;3m[RoutesResolver] [39m[32mAuthController {/auth}:[39m[38;5;3m +0ms[39m
[32m[Nest] 50108  - [39m02/08/2026, 4:13:16 PM [32m    LOG[39m [38;5;3m[RouterExplorer] [39m[32mMapped {/auth/register, POST} route[39m[38;5;3m +1ms[39m
[32m[Nest] 50108  - [39m02/08/2026, 4:13:16 PM [32m    LOG[39m [38;5;3m[RouterExplorer] [39m[32mMapped {/auth/login, POST} route[39m[38;5;3m +0ms[39m
[32m[Nest] 50108  - [39m02/08/2026, 4:13:16 PM [32m    LOG[39m [38;5;3m[RouterExplorer] [39m[32mMapped {/auth/me, GET} route[39m[38;5;3m +0ms[39m
[32m[Nest] 50108  - [39m02/08/2026, 4:13:16 PM [32m    LOG[39m [38;5;3m[RoutesResolver] [39m[32mPropertyController {/properties}:[39m[38;5;3m +1ms[39m
[32m[Nest] 50108  - [39m02/08/2026, 4:13:16 PM [32m    LOG[39m [38;5;3m[RouterExplorer] [39m[32mMapped {/properties, GET} route[39m[38;5;3m +0ms[39m
[32m[Nest] 50108  - [39m02/08/2026, 4:13:16 PM [32m    LOG[39m [38;5;3m[RouterExplorer] [39m[32mMapped {/properties/:id, GET} route[39m[38;5;3m +0ms[39m
[32m[Nest] 50108  - [39m02/08/2026, 4:13:16 PM [32m    LOG[39m [38;5;3m[RouterExplorer] [39m[32mMapped {/properties, POST} route[39m[38;5;3m +0ms[39m
[32m[Nest] 50108  - [39m02/08/2026, 4:13:16 PM [32m    LOG[39m [38;5;3m[RouterExplorer] [39m[32mMapped {/properties/:id, PUT} route[39m[38;5;3m +1ms[39m
[32m[Nest] 50108  - [39m02/08/2026, 4:13:16 PM [32m    LOG[39m [38;5;3m[RouterExplorer] [39m[32mMapped {/properties/:id, DELETE} route[39m[38;5;3m +0ms[39m
[32m[Nest] 50108  - [39m02/08/2026, 4:13:16 PM [32m    LOG[39m [38;5;3m[RoutesResolver] [39m[32mAppointmentsController {/appointments}:[39m[38;5;3m +0ms[39m
[32m[Nest] 50108  - [39m02/08/2026, 4:13:16 PM [32m    LOG[39m [38;5;3m[RouterExplorer] [39m[32mMapped {/appointments, POST} route[39m[38;5;3m +0ms[39m
[32m[Nest] 50108  - [39m02/08/2026, 4:13:16 PM [32m    LOG[39m [38;5;3m[RouterExplorer] [39m[32mMapped {/appointments, GET} route[39m[38;5;3m +1ms[39m
[32m[Nest] 50108  - [39m02/08/2026, 4:13:16 PM [32m    LOG[39m [38;5;3m[RouterExplorer] [39m[32mMapped {/appointments/:id, GET} route[39m[38;5;3m +0ms[39m
[32m[Nest] 50108  - [39m02/08/2026, 4:13:16 PM [32m    LOG[39m [38;5;3m[RouterExplorer] [39m[32mMapped {/appointments/:id, PATCH} route[39m[38;5;3m +0ms[39m
[32m[Nest] 50108  - [39m02/08/2026, 4:13:16 PM [32m    LOG[39m [38;5;3m[RouterExplorer] [39m[32mMapped {/appointments/:id, DELETE} route[39m[38;5;3m +0ms[39m
[32m[Nest] 50108  - [39m02/08/2026, 4:13:16 PM [32m    LOG[39m [38;5;3m[RoutesResolver] [39m[32mTicketsController {/tickets}:[39m[38;5;3m +0ms[39m
[32m[Nest] 50108  - [39m02/08/2026, 4:13:16 PM [32m    LOG[39m [38;5;3m[RouterExplorer] [39m[32mMapped {/tickets, POST} route[39m[38;5;3m +1ms[39m
[32m[Nest] 50108  - [39m02/08/2026, 4:13:16 PM [32m    LOG[39m [38;5;3m[RouterExplorer] [39m[32mMapped {/tickets/my, GET} route[39m[38;5;3m +0ms[39m
[32m[Nest] 50108  - [39m02/08/2026, 4:13:16 PM [32m    LOG[39m [38;5;3m[RouterExplorer] [39m[32mMapped {/tickets, GET} route[39m[38;5;3m +0ms[39m
[32m[Nest] 50108  - [39m02/08/2026, 4:13:16 PM [32m    LOG[39m [38;5;3m[RouterExplorer] [39m[32mMapped {/tickets/assigned-to/me, GET} route[39m[38;5;3m +0ms[39m
[32m[Nest] 50108  - [39m02/08/2026, 4:13:16 PM [32m    LOG[39m [38;5;3m[RouterExplorer] [39m[32mMapped {/tickets/supplier/me, GET} route[39m[38;5;3m +0ms[39m
[32m[Nest] 50108  - [39m02/08/2026, 4:13:16 PM [32m    LOG[39m [38;5;3m[RouterExplorer] [39m[32mMapped {/tickets/:id, GET} route[39m[38;5;3m +1ms[39m
[32m[Nest] 50108  - [39m02/08/2026, 4:13:16 PM [32m    LOG[39m [38;5;3m[RouterExplorer] [39m[32mMapped {/tickets/:id, PUT} route[39m[38;5;3m +0ms[39m
[32m[Nest] 50108  - [39m02/08/2026, 4:13:16 PM [32m    LOG[39m [38;5;3m[RouterExplorer] [39m[32mMapped {/tickets/:id, DELETE} route[39m[38;5;3m +0ms[39m
[32m[Nest] 50108  - [39m02/08/2026, 4:13:16 PM [32m    LOG[39m [38;5;3m[RouterExplorer] [39m[32mMapped {/tickets/:id/assign-worker/:workerId, PUT} route[39m[38;5;3m +0ms[39m
[32m[Nest] 50108  - [39m02/08/2026, 4:13:16 PM [32m    LOG[39m [38;5;3m[RouterExplorer] [39m[32mMapped {/tickets/:id/assign-supplier/:supplierId, PUT} route[39m[38;5;3m +2ms[39m
[32m[Nest] 50108  - [39m02/08/2026, 4:13:16 PM [32m    LOG[39m [38;5;3m[RouterExplorer] [39m[32mMapped {/tickets/:id/status/:status, PUT} route[39m[38;5;3m +0ms[39m
[32m[Nest] 50108  - [39m02/08/2026, 4:13:16 PM [32m    LOG[39m [38;5;3m[RoutesResolver] [39m[32mTicketLogsController {/ticket-logs}:[39m[38;5;3m +1ms[39m
[32m[Nest] 50108  - [39m02/08/2026, 4:13:16 PM [32m    LOG[39m [38;5;3m[RouterExplorer] [39m[32mMapped {/ticket-logs/:ticketId, GET} route[39m[38;5;3m +0ms[39m
[32m[Nest] 50108  - [39m02/08/2026, 4:13:16 PM [32m    LOG[39m [38;5;3m[RoutesResolver] [39m[32mExpensesController {/expenses}:[39m[38;5;3m +0ms[39m
[32m[Nest] 50108  - [39m02/08/2026, 4:13:16 PM [32m    LOG[39m [38;5;3m[RouterExplorer] [39m[32mMapped {/expenses, POST} route[39m[38;5;3m +0ms[39m
[32m[Nest] 50108  - [39m02/08/2026, 4:13:16 PM [32m    LOG[39m [38;5;3m[RouterExplorer] [39m[32mMapped {/expenses/my, GET} route[39m[38;5;3m +1ms[39m
[32m[Nest] 50108  - [39m02/08/2026, 4:13:16 PM [32m    LOG[39m [38;5;3m[RouterExplorer] [39m[32mMapped {/expenses/by-ticket/:ticketId, GET} route[39m[38;5;3m +0ms[39m
[32m[Nest] 50108  - [39m02/08/2026, 4:13:16 PM [32m    LOG[39m [38;5;3m[RouterExplorer] [39m[32mMapped {/expenses/supplier, GET} route[39m[38;5;3m +0ms[39m
[32m[Nest] 50108  - [39m02/08/2026, 4:13:16 PM [32m    LOG[39m [38;5;3m[RoutesResolver] [39m[32mInvoicesController {/invoices}:[39m[38;5;3m +0ms[39m
[32m[Nest] 50108  - [39m02/08/2026, 4:13:16 PM [32m    LOG[39m [38;5;3m[RouterExplorer] [39m[32mMapped {/invoices, POST} route[39m[38;5;3m +0ms[39m
[32m[Nest] 50108  - [39m02/08/2026, 4:13:16 PM [32m    LOG[39m [38;5;3m[RouterExplorer] [39m[32mMapped {/invoices, GET} route[39m[38;5;3m +1ms[39m
[32m[Nest] 50108  - [39m02/08/2026, 4:13:16 PM [32m    LOG[39m [38;5;3m[RouterExplorer] [39m[32mMapped {/invoices/:id, DELETE} route[39m[38;5;3m +0ms[39m
[32m[Nest] 50108  - [39m02/08/2026, 4:13:16 PM [32m    LOG[39m [38;5;3m[RouterExplorer] [39m[32mMapped {/invoices/supplier/:id, GET} route[39m[38;5;3m +0ms[39m
[32m[Nest] 50108  - [39m02/08/2026, 4:13:16 PM [32m    LOG[39m [38;5;3m[RouterExplorer] [39m[32mMapped {/invoices/supplier/all, GET} route[39m[38;5;3m +1ms[39m
[32m[Nest] 50108  - [39m02/08/2026, 4:13:16 PM [32m    LOG[39m [38;5;3m[RoutesResolver] [39m[32mPaymentsController {/payments}:[39m[38;5;3m +0ms[39m
[32m[Nest] 50108  - [39m02/08/2026, 4:13:16 PM [32m    LOG[39m [38;5;3m[RouterExplorer] [39m[32mMapped {/payments, POST} route[39m[38;5;3m +0ms[39m
[32m[Nest] 50108  - [39m02/08/2026, 4:13:16 PM [32m    LOG[39m [38;5;3m[RouterExplorer] [39m[32mMapped {/payments/invoice/:id, GET} route[39m[38;5;3m +0ms[39m
[32m[Nest] 50108  - [39m02/08/2026, 4:13:16 PM [32m    LOG[39m [38;5;3m[RoutesResolver] [39m[32mCommissionsController {/commissions}:[39m[38;5;3m +0ms[39m
[32m[Nest] 50108  - [39m02/08/2026, 4:13:16 PM [32m    LOG[39m [38;5;3m[RouterExplorer] [39m[32mMapped {/commissions, GET} route[39m[38;5;3m +1ms[39m
[32m[Nest] 50108  - [39m02/08/2026, 4:13:16 PM [32m    LOG[39m [38;5;3m[RouterExplorer] [39m[32mMapped {/commissions/total, GET} route[39m[38;5;3m +0ms[39m
[32m[Nest] 50108  - [39m02/08/2026, 4:13:16 PM [32m    LOG[39m [38;5;3m[NestApplication] [39m[32mNest application successfully started[39m[38;5;3m +53ms[39m
