[31m[Nest] 76060  - [39m02/08/2026, 3:07:56 PM [31m  ERROR[39m [38;5;3m[ExceptionsHandler] [39mPrismaClientKnownRequestError: 
Invalid `this.prisma.user.findMany()` invocation in
C:\Users\LOQ\Downloads\my_pj_react\Finial\RealEstate-System\housing-backend\housing-backend\src\users\users.service.ts:10:29

   7 constructor(private prisma: PrismaService) {}
   8 
   9 findAll() {
→ 10   return this.prisma.user.findMany(
Value out of range for the type. The column `createdAt` contained an invalid datetime value with either day or month set to zero.
    at ei.handleRequestError [90m(C:\Users\LOQ\Downloads\my_pj_react\Finial\RealEstate-System\housing-backend\housing-backend\[39mnode_modules\[4m@prisma\client[24m\src\runtime\RequestHandler.ts:228:13[90m)[39m
    at ei.handleAndLogRequestError [90m(C:\Users\LOQ\Downloads\my_pj_react\Finial\RealEstate-System\housing-backend\housing-backend\[39mnode_modules\[4m@prisma\client[24m\src\runtime\RequestHandler.ts:174:12[90m)[39m
    at ei.request [90m(C:\Users\LOQ\Downloads\my_pj_react\Finial\RealEstate-System\housing-backend\housing-backend\[39mnode_modules\[4m@prisma\client[24m\src\runtime\RequestHandler.ts:143:12[90m)[39m
    at async a [90m(C:\Users\LOQ\Downloads\my_pj_react\Finial\RealEstate-System\housing-backend\housing-backend\[39mnode_modules\[4m@prisma\client[24m\src\runtime\getPrismaClient.ts:833:24[90m)[39m
    at async [90mC:\Users\LOQ\Downloads\my_pj_react\Finial\RealEstate-System\housing-backend\housing-backend\[39mnode_modules\[4m@nestjs\core[24m\router\router-execution-context.js:46:28
    at async [90mC:\Users\LOQ\Downloads\my_pj_react\Finial\RealEstate-System\housing-backend\housing-backend\[39mnode_modules\[4m@nestjs\core[24m\router\router-proxy.js:9:17 {
  code: [32m'P2020'[39m,
  meta: {
    modelName: [32m'User'[39m,
    details: [32m'The column `createdAt` contained an invalid datetime value with either day or month set to zero.'[39m
  },
  clientVersion: [32m'6.7.0'[39m
}
[31m[Nest] 76060  - [39m02/08/2026, 3:07:56 PM [31m  ERROR[39m [38;5;3m[ExceptionsHandler] [39mPrismaClientKnownRequestError: 
Invalid `this.prisma.user.findMany()` invocation in
C:\Users\LOQ\Downloads\my_pj_react\Finial\RealEstate-System\housing-backend\housing-backend\src\users\users.service.ts:18:29

  15 }
  16 
  17 findByRole(role: string) {
→ 18   return this.prisma.user.findMany(
Value out of range for the type. The column `createdAt` contained an invalid datetime value with either day or month set to zero.
    at ei.handleRequestError [90m(C:\Users\LOQ\Downloads\my_pj_react\Finial\RealEstate-System\housing-backend\housing-backend\[39mnode_modules\[4m@prisma\client[24m\src\runtime\RequestHandler.ts:228:13[90m)[39m
    at ei.handleAndLogRequestError [90m(C:\Users\LOQ\Downloads\my_pj_react\Finial\RealEstate-System\housing-backend\housing-backend\[39mnode_modules\[4m@prisma\client[24m\src\runtime\RequestHandler.ts:174:12[90m)[39m
    at ei.request [90m(C:\Users\LOQ\Downloads\my_pj_react\Finial\RealEstate-System\housing-backend\housing-backend\[39mnode_modules\[4m@prisma\client[24m\src\runtime\RequestHandler.ts:143:12[90m)[39m
    at async a [90m(C:\Users\LOQ\Downloads\my_pj_react\Finial\RealEstate-System\housing-backend\housing-backend\[39mnode_modules\[4m@prisma\client[24m\src\runtime\getPrismaClient.ts:833:24[90m)[39m
    at async [90mC:\Users\LOQ\Downloads\my_pj_react\Finial\RealEstate-System\housing-backend\housing-backend\[39mnode_modules\[4m@nestjs\core[24m\router\router-execution-context.js:46:28
    at async [90mC:\Users\LOQ\Downloads\my_pj_react\Finial\RealEstate-System\housing-backend\housing-backend\[39mnode_modules\[4m@nestjs\core[24m\router\router-proxy.js:9:17 {
  code: [32m'P2020'[39m,
  meta: {
    modelName: [32m'User'[39m,
    details: [32m'The column `createdAt` contained an invalid datetime value with either day or month set to zero.'[39m
  },
  clientVersion: [32m'6.7.0'[39m
}
[31m[Nest] 76060  - [39m02/08/2026, 3:09:55 PM [31m  ERROR[39m [38;5;3m[ExceptionsHandler] [39mPrismaClientKnownRequestError: 
Invalid `this.prisma.user.findMany()` invocation in
C:\Users\LOQ\Downloads\my_pj_react\Finial\RealEstate-System\housing-backend\housing-backend\src\users\users.service.ts:10:29

   7 constructor(private prisma: PrismaService) {}
   8 
   9 findAll() {
→ 10   return this.prisma.user.findMany(
Value out of range for the type. The column `createdAt` contained an invalid datetime value with either day or month set to zero.
    at ei.handleRequestError [90m(C:\Users\LOQ\Downloads\my_pj_react\Finial\RealEstate-System\housing-backend\housing-backend\[39mnode_modules\[4m@prisma\client[24m\src\runtime\RequestHandler.ts:228:13[90m)[39m
    at ei.handleAndLogRequestError [90m(C:\Users\LOQ\Downloads\my_pj_react\Finial\RealEstate-System\housing-backend\housing-backend\[39mnode_modules\[4m@prisma\client[24m\src\runtime\RequestHandler.ts:174:12[90m)[39m
    at ei.request [90m(C:\Users\LOQ\Downloads\my_pj_react\Finial\RealEstate-System\housing-backend\housing-backend\[39mnode_modules\[4m@prisma\client[24m\src\runtime\RequestHandler.ts:143:12[90m)[39m
    at async a [90m(C:\Users\LOQ\Downloads\my_pj_react\Finial\RealEstate-System\housing-backend\housing-backend\[39mnode_modules\[4m@prisma\client[24m\src\runtime\getPrismaClient.ts:833:24[90m)[39m
    at async [90mC:\Users\LOQ\Downloads\my_pj_react\Finial\RealEstate-System\housing-backend\housing-backend\[39mnode_modules\[4m@nestjs\core[24m\router\router-execution-context.js:46:28
    at async [90mC:\Users\LOQ\Downloads\my_pj_react\Finial\RealEstate-System\housing-backend\housing-backend\[39mnode_modules\[4m@nestjs\core[24m\router\router-proxy.js:9:17 {
  code: [32m'P2020'[39m,
  meta: {
    modelName: [32m'User'[39m,
    details: [32m'The column `createdAt` contained an invalid datetime value with either day or month set to zero.'[39m
  },
  clientVersion: [32m'6.7.0'[39m
}
[31m[Nest] 76060  - [39m02/08/2026, 3:09:55 PM [31m  ERROR[39m [38;5;3m[ExceptionsHandler] [39mPrismaClientKnownRequestError: 
Invalid `this.prisma.user.findMany()` invocation in
C:\Users\LOQ\Downloads\my_pj_react\Finial\RealEstate-System\housing-backend\housing-backend\src\users\users.service.ts:18:29

  15 }
  16 
  17 findByRole(role: string) {
→ 18   return this.prisma.user.findMany(
Value out of range for the type. The column `createdAt` contained an invalid datetime value with either day or month set to zero.
    at ei.handleRequestError [90m(C:\Users\LOQ\Downloads\my_pj_react\Finial\RealEstate-System\housing-backend\housing-backend\[39mnode_modules\[4m@prisma\client[24m\src\runtime\RequestHandler.ts:228:13[90m)[39m
    at ei.handleAndLogRequestError [90m(C:\Users\LOQ\Downloads\my_pj_react\Finial\RealEstate-System\housing-backend\housing-backend\[39mnode_modules\[4m@prisma\client[24m\src\runtime\RequestHandler.ts:174:12[90m)[39m
    at ei.request [90m(C:\Users\LOQ\Downloads\my_pj_react\Finial\RealEstate-System\housing-backend\housing-backend\[39mnode_modules\[4m@prisma\client[24m\src\runtime\RequestHandler.ts:143:12[90m)[39m
    at async a [90m(C:\Users\LOQ\Downloads\my_pj_react\Finial\RealEstate-System\housing-backend\housing-backend\[39mnode_modules\[4m@prisma\client[24m\src\runtime\getPrismaClient.ts:833:24[90m)[39m
    at async [90mC:\Users\LOQ\Downloads\my_pj_react\Finial\RealEstate-System\housing-backend\housing-backend\[39mnode_modules\[4m@nestjs\core[24m\router\router-execution-context.js:46:28
    at async [90mC:\Users\LOQ\Downloads\my_pj_react\Finial\RealEstate-System\housing-backend\housing-backend\[39mnode_modules\[4m@nestjs\core[24m\router\router-proxy.js:9:17 {
  code: [32m'P2020'[39m,
  meta: {
    modelName: [32m'User'[39m,
    details: [32m'The column `createdAt` contained an invalid datetime value with either day or month set to zero.'[39m
  },
  clientVersion: [32m'6.7.0'[39m
}
[31m[Nest] 76060  - [39m02/08/2026, 3:09:56 PM [31m  ERROR[39m [38;5;3m[ExceptionsHandler] [39mPrismaClientKnownRequestError: 
Invalid `this.prisma.user.findMany()` invocation in
C:\Users\LOQ\Downloads\my_pj_react\Finial\RealEstate-System\housing-backend\housing-backend\src\users\users.service.ts:10:29

   7 constructor(private prisma: PrismaService) {}
   8 
   9 findAll() {
→ 10   return this.prisma.user.findMany(
Value out of range for the type. The column `createdAt` contained an invalid datetime value with either day or month set to zero.
    at ei.handleRequestError [90m(C:\Users\LOQ\Downloads\my_pj_react\Finial\RealEstate-System\housing-backend\housing-backend\[39mnode_modules\[4m@prisma\client[24m\src\runtime\RequestHandler.ts:228:13[90m)[39m
    at ei.handleAndLogRequestError [90m(C:\Users\LOQ\Downloads\my_pj_react\Finial\RealEstate-System\housing-backend\housing-backend\[39mnode_modules\[4m@prisma\client[24m\src\runtime\RequestHandler.ts:174:12[90m)[39m
    at ei.request [90m(C:\Users\LOQ\Downloads\my_pj_react\Finial\RealEstate-System\housing-backend\housing-backend\[39mnode_modules\[4m@prisma\client[24m\src\runtime\RequestHandler.ts:143:12[90m)[39m
    at async a [90m(C:\Users\LOQ\Downloads\my_pj_react\Finial\RealEstate-System\housing-backend\housing-backend\[39mnode_modules\[4m@prisma\client[24m\src\runtime\getPrismaClient.ts:833:24[90m)[39m
    at async [90mC:\Users\LOQ\Downloads\my_pj_react\Finial\RealEstate-System\housing-backend\housing-backend\[39mnode_modules\[4m@nestjs\core[24m\router\router-execution-context.js:46:28
    at async [90mC:\Users\LOQ\Downloads\my_pj_react\Finial\RealEstate-System\housing-backend\housing-backend\[39mnode_modules\[4m@nestjs\core[24m\router\router-proxy.js:9:17 {
  code: [32m'P2020'[39m,
  meta: {
    modelName: [32m'User'[39m,
    details: [32m'The column `createdAt` contained an invalid datetime value with either day or month set to zero.'[39m
  },
  clientVersion: [32m'6.7.0'[39m
}
[31m[Nest] 76060  - [39m02/08/2026, 3:09:56 PM [31m  ERROR[39m [38;5;3m[ExceptionsHandler] [39mPrismaClientKnownRequestError: 
Invalid `this.prisma.user.findMany()` invocation in
C:\Users\LOQ\Downloads\my_pj_react\Finial\RealEstate-System\housing-backend\housing-backend\src\users\users.service.ts:18:29

  15 }
  16 
  17 findByRole(role: string) {
→ 18   return this.prisma.user.findMany(
Value out of range for the type. The column `createdAt` contained an invalid datetime value with either day or month set to zero.
    at ei.handleRequestError [90m(C:\Users\LOQ\Downloads\my_pj_react\Finial\RealEstate-System\housing-backend\housing-backend\[39mnode_modules\[4m@prisma\client[24m\src\runtime\RequestHandler.ts:228:13[90m)[39m
    at ei.handleAndLogRequestError [90m(C:\Users\LOQ\Downloads\my_pj_react\Finial\RealEstate-System\housing-backend\housing-backend\[39mnode_modules\[4m@prisma\client[24m\src\runtime\RequestHandler.ts:174:12[90m)[39m
    at ei.request [90m(C:\Users\LOQ\Downloads\my_pj_react\Finial\RealEstate-System\housing-backend\housing-backend\[39mnode_modules\[4m@prisma\client[24m\src\runtime\RequestHandler.ts:143:12[90m)[39m
    at async a [90m(C:\Users\LOQ\Downloads\my_pj_react\Finial\RealEstate-System\housing-backend\housing-backend\[39mnode_modules\[4m@prisma\client[24m\src\runtime\getPrismaClient.ts:833:24[90m)[39m
    at async [90mC:\Users\LOQ\Downloads\my_pj_react\Finial\RealEstate-System\housing-backend\housing-backend\[39mnode_modules\[4m@nestjs\core[24m\router\router-execution-context.js:46:28
    at async [90mC:\Users\LOQ\Downloads\my_pj_react\Finial\RealEstate-System\housing-backend\housing-backend\[39mnode_modules\[4m@nestjs\core[24m\router\router-proxy.js:9:17 {
  code: [32m'P2020'[39m,
  meta: {
    modelName: [32m'User'[39m,
    details: [32m'The column `createdAt` contained an invalid datetime value with either day or month set to zero.'[39m
  },
  clientVersion: [32m'6.7.0'[39m
}
[31m[Nest] 76060  - [39m02/08/2026, 3:09:56 PM [31m  ERROR[39m [38;5;3m[ExceptionsHandler] [39mPrismaClientKnownRequestError: 
Invalid `this.prisma.user.findMany()` invocation in
C:\Users\LOQ\Downloads\my_pj_react\Finial\RealEstate-System\housing-backend\housing-backend\src\users\users.service.ts:10:29

   7 constructor(private prisma: PrismaService) {}
   8 
   9 findAll() {
→ 10   return this.prisma.user.findMany(
Value out of range for the type. The column `createdAt` contained an invalid datetime value with either day or month set to zero.
    at ei.handleRequestError [90m(C:\Users\LOQ\Downloads\my_pj_react\Finial\RealEstate-System\housing-backend\housing-backend\[39mnode_modules\[4m@prisma\client[24m\src\runtime\RequestHandler.ts:228:13[90m)[39m
    at ei.handleAndLogRequestError [90m(C:\Users\LOQ\Downloads\my_pj_react\Finial\RealEstate-System\housing-backend\housing-backend\[39mnode_modules\[4m@prisma\client[24m\src\runtime\RequestHandler.ts:174:12[90m)[39m
    at ei.request [90m(C:\Users\LOQ\Downloads\my_pj_react\Finial\RealEstate-System\housing-backend\housing-backend\[39mnode_modules\[4m@prisma\client[24m\src\runtime\RequestHandler.ts:143:12[90m)[39m
    at async a [90m(C:\Users\LOQ\Downloads\my_pj_react\Finial\RealEstate-System\housing-backend\housing-backend\[39mnode_modules\[4m@prisma\client[24m\src\runtime\getPrismaClient.ts:833:24[90m)[39m
    at async [90mC:\Users\LOQ\Downloads\my_pj_react\Finial\RealEstate-System\housing-backend\housing-backend\[39mnode_modules\[4m@nestjs\core[24m\router\router-execution-context.js:46:28
    at async [90mC:\Users\LOQ\Downloads\my_pj_react\Finial\RealEstate-System\housing-backend\housing-backend\[39mnode_modules\[4m@nestjs\core[24m\router\router-proxy.js:9:17 {
  code: [32m'P2020'[39m,
  meta: {
    modelName: [32m'User'[39m,
    details: [32m'The column `createdAt` contained an invalid datetime value with either day or month set to zero.'[39m
  },
  clientVersion: [32m'6.7.0'[39m
}
[31m[Nest] 76060  - [39m02/08/2026, 3:09:56 PM [31m  ERROR[39m [38;5;3m[ExceptionsHandler] [39mPrismaClientKnownRequestError: 
Invalid `this.prisma.user.findMany()` invocation in
C:\Users\LOQ\Downloads\my_pj_react\Finial\RealEstate-System\housing-backend\housing-backend\src\users\users.service.ts:18:29

  15 }
  16 
  17 findByRole(role: string) {
→ 18   return this.prisma.user.findMany(
Value out of range for the type. The column `createdAt` contained an invalid datetime value with either day or month set to zero.
    at ei.handleRequestError [90m(C:\Users\LOQ\Downloads\my_pj_react\Finial\RealEstate-System\housing-backend\housing-backend\[39mnode_modules\[4m@prisma\client[24m\src\runtime\RequestHandler.ts:228:13[90m)[39m
    at ei.handleAndLogRequestError [90m(C:\Users\LOQ\Downloads\my_pj_react\Finial\RealEstate-System\housing-backend\housing-backend\[39mnode_modules\[4m@prisma\client[24m\src\runtime\RequestHandler.ts:174:12[90m)[39m
    at ei.request [90m(C:\Users\LOQ\Downloads\my_pj_react\Finial\RealEstate-System\housing-backend\housing-backend\[39mnode_modules\[4m@prisma\client[24m\src\runtime\RequestHandler.ts:143:12[90m)[39m
    at async a [90m(C:\Users\LOQ\Downloads\my_pj_react\Finial\RealEstate-System\housing-backend\housing-backend\[39mnode_modules\[4m@prisma\client[24m\src\runtime\getPrismaClient.ts:833:24[90m)[39m
    at async [90mC:\Users\LOQ\Downloads\my_pj_react\Finial\RealEstate-System\housing-backend\housing-backend\[39mnode_modules\[4m@nestjs\core[24m\router\router-execution-context.js:46:28
    at async [90mC:\Users\LOQ\Downloads\my_pj_react\Finial\RealEstate-System\housing-backend\housing-backend\[39mnode_modules\[4m@nestjs\core[24m\router\router-proxy.js:9:17 {
  code: [32m'P2020'[39m,
  meta: {
    modelName: [32m'User'[39m,
    details: [32m'The column `createdAt` contained an invalid datetime value with either day or month set to zero.'[39m
  },
  clientVersion: [32m'6.7.0'[39m
}
[31m[Nest] 76060  - [39m02/08/2026, 3:09:56 PM [31m  ERROR[39m [38;5;3m[ExceptionsHandler] [39mPrismaClientKnownRequestError: 
Invalid `this.prisma.user.findMany()` invocation in
C:\Users\LOQ\Downloads\my_pj_react\Finial\RealEstate-System\housing-backend\housing-backend\src\users\users.service.ts:10:29

   7 constructor(private prisma: PrismaService) {}
   8 
   9 findAll() {
→ 10   return this.prisma.user.findMany(
Value out of range for the type. The column `createdAt` contained an invalid datetime value with either day or month set to zero.
    at ei.handleRequestError [90m(C:\Users\LOQ\Downloads\my_pj_react\Finial\RealEstate-System\housing-backend\housing-backend\[39mnode_modules\[4m@prisma\client[24m\src\runtime\RequestHandler.ts:228:13[90m)[39m
    at ei.handleAndLogRequestError [90m(C:\Users\LOQ\Downloads\my_pj_react\Finial\RealEstate-System\housing-backend\housing-backend\[39mnode_modules\[4m@prisma\client[24m\src\runtime\RequestHandler.ts:174:12[90m)[39m
    at ei.request [90m(C:\Users\LOQ\Downloads\my_pj_react\Finial\RealEstate-System\housing-backend\housing-backend\[39mnode_modules\[4m@prisma\client[24m\src\runtime\RequestHandler.ts:143:12[90m)[39m
    at async a [90m(C:\Users\LOQ\Downloads\my_pj_react\Finial\RealEstate-System\housing-backend\housing-backend\[39mnode_modules\[4m@prisma\client[24m\src\runtime\getPrismaClient.ts:833:24[90m)[39m
    at async [90mC:\Users\LOQ\Downloads\my_pj_react\Finial\RealEstate-System\housing-backend\housing-backend\[39mnode_modules\[4m@nestjs\core[24m\router\router-execution-context.js:46:28
    at async [90mC:\Users\LOQ\Downloads\my_pj_react\Finial\RealEstate-System\housing-backend\housing-backend\[39mnode_modules\[4m@nestjs\core[24m\router\router-proxy.js:9:17 {
  code: [32m'P2020'[39m,
  meta: {
    modelName: [32m'User'[39m,
    details: [32m'The column `createdAt` contained an invalid datetime value with either day or month set to zero.'[39m
  },
  clientVersion: [32m'6.7.0'[39m
}
[31m[Nest] 76060  - [39m02/08/2026, 3:09:56 PM [31m  ERROR[39m [38;5;3m[ExceptionsHandler] [39mPrismaClientKnownRequestError: 
Invalid `this.prisma.user.findMany()` invocation in
C:\Users\LOQ\Downloads\my_pj_react\Finial\RealEstate-System\housing-backend\housing-backend\src\users\users.service.ts:18:29

  15 }
  16 
  17 findByRole(role: string) {
→ 18   return this.prisma.user.findMany(
Value out of range for the type. The column `createdAt` contained an invalid datetime value with either day or month set to zero.
    at ei.handleRequestError [90m(C:\Users\LOQ\Downloads\my_pj_react\Finial\RealEstate-System\housing-backend\housing-backend\[39mnode_modules\[4m@prisma\client[24m\src\runtime\RequestHandler.ts:228:13[90m)[39m
    at ei.handleAndLogRequestError [90m(C:\Users\LOQ\Downloads\my_pj_react\Finial\RealEstate-System\housing-backend\housing-backend\[39mnode_modules\[4m@prisma\client[24m\src\runtime\RequestHandler.ts:174:12[90m)[39m
    at ei.request [90m(C:\Users\LOQ\Downloads\my_pj_react\Finial\RealEstate-System\housing-backend\housing-backend\[39mnode_modules\[4m@prisma\client[24m\src\runtime\RequestHandler.ts:143:12[90m)[39m
    at async a [90m(C:\Users\LOQ\Downloads\my_pj_react\Finial\RealEstate-System\housing-backend\housing-backend\[39mnode_modules\[4m@prisma\client[24m\src\runtime\getPrismaClient.ts:833:24[90m)[39m
    at async [90mC:\Users\LOQ\Downloads\my_pj_react\Finial\RealEstate-System\housing-backend\housing-backend\[39mnode_modules\[4m@nestjs\core[24m\router\router-execution-context.js:46:28
    at async [90mC:\Users\LOQ\Downloads\my_pj_react\Finial\RealEstate-System\housing-backend\housing-backend\[39mnode_modules\[4m@nestjs\core[24m\router\router-proxy.js:9:17 {
  code: [32m'P2020'[39m,
  meta: {
    modelName: [32m'User'[39m,
    details: [32m'The column `createdAt` contained an invalid datetime value with either day or month set to zero.'[39m
  },
  clientVersion: [32m'6.7.0'[39m
}
[31m[Nest] 76060  - [39m02/08/2026, 3:09:56 PM [31m  ERROR[39m [38;5;3m[ExceptionsHandler] [39mPrismaClientKnownRequestError: 
Invalid `this.prisma.user.findMany()` invocation in
C:\Users\LOQ\Downloads\my_pj_react\Finial\RealEstate-System\housing-backend\housing-backend\src\users\users.service.ts:10:29

   7 constructor(private prisma: PrismaService) {}
   8 
   9 findAll() {
→ 10   return this.prisma.user.findMany(
Value out of range for the type. The column `createdAt` contained an invalid datetime value with either day or month set to zero.
    at ei.handleRequestError [90m(C:\Users\LOQ\Downloads\my_pj_react\Finial\RealEstate-System\housing-backend\housing-backend\[39mnode_modules\[4m@prisma\client[24m\src\runtime\RequestHandler.ts:228:13[90m)[39m
    at ei.handleAndLogRequestError [90m(C:\Users\LOQ\Downloads\my_pj_react\Finial\RealEstate-System\housing-backend\housing-backend\[39mnode_modules\[4m@prisma\client[24m\src\runtime\RequestHandler.ts:174:12[90m)[39m
    at ei.request [90m(C:\Users\LOQ\Downloads\my_pj_react\Finial\RealEstate-System\housing-backend\housing-backend\[39mnode_modules\[4m@prisma\client[24m\src\runtime\RequestHandler.ts:143:12[90m)[39m
    at async a [90m(C:\Users\LOQ\Downloads\my_pj_react\Finial\RealEstate-System\housing-backend\housing-backend\[39mnode_modules\[4m@prisma\client[24m\src\runtime\getPrismaClient.ts:833:24[90m)[39m
    at async [90mC:\Users\LOQ\Downloads\my_pj_react\Finial\RealEstate-System\housing-backend\housing-backend\[39mnode_modules\[4m@nestjs\core[24m\router\router-execution-context.js:46:28
    at async [90mC:\Users\LOQ\Downloads\my_pj_react\Finial\RealEstate-System\housing-backend\housing-backend\[39mnode_modules\[4m@nestjs\core[24m\router\router-proxy.js:9:17 {
  code: [32m'P2020'[39m,
  meta: {
    modelName: [32m'User'[39m,
    details: [32m'The column `createdAt` contained an invalid datetime value with either day or month set to zero.'[39m
  },
  clientVersion: [32m'6.7.0'[39m
}
[31m[Nest] 76060  - [39m02/08/2026, 3:09:56 PM [31m  ERROR[39m [38;5;3m[ExceptionsHandler] [39mPrismaClientKnownRequestError: 
Invalid `this.prisma.user.findMany()` invocation in
C:\Users\LOQ\Downloads\my_pj_react\Finial\RealEstate-System\housing-backend\housing-backend\src\users\users.service.ts:18:29

  15 }
  16 
  17 findByRole(role: string) {
→ 18   return this.prisma.user.findMany(
Value out of range for the type. The column `createdAt` contained an invalid datetime value with either day or month set to zero.
    at ei.handleRequestError [90m(C:\Users\LOQ\Downloads\my_pj_react\Finial\RealEstate-System\housing-backend\housing-backend\[39mnode_modules\[4m@prisma\client[24m\src\runtime\RequestHandler.ts:228:13[90m)[39m
    at ei.handleAndLogRequestError [90m(C:\Users\LOQ\Downloads\my_pj_react\Finial\RealEstate-System\housing-backend\housing-backend\[39mnode_modules\[4m@prisma\client[24m\src\runtime\RequestHandler.ts:174:12[90m)[39m
    at ei.request [90m(C:\Users\LOQ\Downloads\my_pj_react\Finial\RealEstate-System\housing-backend\housing-backend\[39mnode_modules\[4m@prisma\client[24m\src\runtime\RequestHandler.ts:143:12[90m)[39m
    at async a [90m(C:\Users\LOQ\Downloads\my_pj_react\Finial\RealEstate-System\housing-backend\housing-backend\[39mnode_modules\[4m@prisma\client[24m\src\runtime\getPrismaClient.ts:833:24[90m)[39m
    at async [90mC:\Users\LOQ\Downloads\my_pj_react\Finial\RealEstate-System\housing-backend\housing-backend\[39mnode_modules\[4m@nestjs\core[24m\router\router-execution-context.js:46:28
    at async [90mC:\Users\LOQ\Downloads\my_pj_react\Finial\RealEstate-System\housing-backend\housing-backend\[39mnode_modules\[4m@nestjs\core[24m\router\router-proxy.js:9:17 {
  code: [32m'P2020'[39m,
  meta: {
    modelName: [32m'User'[39m,
    details: [32m'The column `createdAt` contained an invalid datetime value with either day or month set to zero.'[39m
  },
  clientVersion: [32m'6.7.0'[39m
}
[31m[Nest] 76060  - [39m02/08/2026, 3:09:57 PM [31m  ERROR[39m [38;5;3m[ExceptionsHandler] [39mPrismaClientKnownRequestError: 
Invalid `this.prisma.user.findMany()` invocation in
C:\Users\LOQ\Downloads\my_pj_react\Finial\RealEstate-System\housing-backend\housing-backend\src\users\users.service.ts:10:29

   7 constructor(private prisma: PrismaService) {}
   8 
   9 findAll() {
→ 10   return this.prisma.user.findMany(
Value out of range for the type. The column `createdAt` contained an invalid datetime value with either day or month set to zero.
    at ei.handleRequestError [90m(C:\Users\LOQ\Downloads\my_pj_react\Finial\RealEstate-System\housing-backend\housing-backend\[39mnode_modules\[4m@prisma\client[24m\src\runtime\RequestHandler.ts:228:13[90m)[39m
    at ei.handleAndLogRequestError [90m(C:\Users\LOQ\Downloads\my_pj_react\Finial\RealEstate-System\housing-backend\housing-backend\[39mnode_modules\[4m@prisma\client[24m\src\runtime\RequestHandler.ts:174:12[90m)[39m
    at ei.request [90m(C:\Users\LOQ\Downloads\my_pj_react\Finial\RealEstate-System\housing-backend\housing-backend\[39mnode_modules\[4m@prisma\client[24m\src\runtime\RequestHandler.ts:143:12[90m)[39m
    at async a [90m(C:\Users\LOQ\Downloads\my_pj_react\Finial\RealEstate-System\housing-backend\housing-backend\[39mnode_modules\[4m@prisma\client[24m\src\runtime\getPrismaClient.ts:833:24[90m)[39m
    at async [90mC:\Users\LOQ\Downloads\my_pj_react\Finial\RealEstate-System\housing-backend\housing-backend\[39mnode_modules\[4m@nestjs\core[24m\router\router-execution-context.js:46:28
    at async [90mC:\Users\LOQ\Downloads\my_pj_react\Finial\RealEstate-System\housing-backend\housing-backend\[39mnode_modules\[4m@nestjs\core[24m\router\router-proxy.js:9:17 {
  code: [32m'P2020'[39m,
  meta: {
    modelName: [32m'User'[39m,
    details: [32m'The column `createdAt` contained an invalid datetime value with either day or month set to zero.'[39m
  },
  clientVersion: [32m'6.7.0'[39m
}
[31m[Nest] 76060  - [39m02/08/2026, 3:09:57 PM [31m  ERROR[39m [38;5;3m[ExceptionsHandler] [39mPrismaClientKnownRequestError: 
Invalid `this.prisma.user.findMany()` invocation in
C:\Users\LOQ\Downloads\my_pj_react\Finial\RealEstate-System\housing-backend\housing-backend\src\users\users.service.ts:10:29

   7 constructor(private prisma: PrismaService) {}
   8 
   9 findAll() {
→ 10   return this.prisma.user.findMany(
Value out of range for the type. The column `createdAt` contained an invalid datetime value with either day or month set to zero.
    at ei.handleRequestError [90m(C:\Users\LOQ\Downloads\my_pj_react\Finial\RealEstate-System\housing-backend\housing-backend\[39mnode_modules\[4m@prisma\client[24m\src\runtime\RequestHandler.ts:228:13[90m)[39m
    at ei.handleAndLogRequestError [90m(C:\Users\LOQ\Downloads\my_pj_react\Finial\RealEstate-System\housing-backend\housing-backend\[39mnode_modules\[4m@prisma\client[24m\src\runtime\RequestHandler.ts:174:12[90m)[39m
    at ei.request [90m(C:\Users\LOQ\Downloads\my_pj_react\Finial\RealEstate-System\housing-backend\housing-backend\[39mnode_modules\[4m@prisma\client[24m\src\runtime\RequestHandler.ts:143:12[90m)[39m
    at async a [90m(C:\Users\LOQ\Downloads\my_pj_react\Finial\RealEstate-System\housing-backend\housing-backend\[39mnode_modules\[4m@prisma\client[24m\src\runtime\getPrismaClient.ts:833:24[90m)[39m
    at async [90mC:\Users\LOQ\Downloads\my_pj_react\Finial\RealEstate-System\housing-backend\housing-backend\[39mnode_modules\[4m@nestjs\core[24m\router\router-execution-context.js:46:28
    at async [90mC:\Users\LOQ\Downloads\my_pj_react\Finial\RealEstate-System\housing-backend\housing-backend\[39mnode_modules\[4m@nestjs\core[24m\router\router-proxy.js:9:17 {
  code: [32m'P2020'[39m,
  meta: {
    modelName: [32m'User'[39m,
    details: [32m'The column `createdAt` contained an invalid datetime value with either day or month set to zero.'[39m
  },
  clientVersion: [32m'6.7.0'[39m
}
[31m[Nest] 76060  - [39m02/08/2026, 3:09:57 PM [31m  ERROR[39m [38;5;3m[ExceptionsHandler] [39mPrismaClientKnownRequestError: 
Invalid `this.prisma.user.findMany()` invocation in
C:\Users\LOQ\Downloads\my_pj_react\Finial\RealEstate-System\housing-backend\housing-backend\src\users\users.service.ts:18:29

  15 }
  16 
  17 findByRole(role: string) {
→ 18   return this.prisma.user.findMany(
Value out of range for the type. The column `createdAt` contained an invalid datetime value with either day or month set to zero.
    at ei.handleRequestError [90m(C:\Users\LOQ\Downloads\my_pj_react\Finial\RealEstate-System\housing-backend\housing-backend\[39mnode_modules\[4m@prisma\client[24m\src\runtime\RequestHandler.ts:228:13[90m)[39m
    at ei.handleAndLogRequestError [90m(C:\Users\LOQ\Downloads\my_pj_react\Finial\RealEstate-System\housing-backend\housing-backend\[39mnode_modules\[4m@prisma\client[24m\src\runtime\RequestHandler.ts:174:12[90m)[39m
    at ei.request [90m(C:\Users\LOQ\Downloads\my_pj_react\Finial\RealEstate-System\housing-backend\housing-backend\[39mnode_modules\[4m@prisma\client[24m\src\runtime\RequestHandler.ts:143:12[90m)[39m
    at async a [90m(C:\Users\LOQ\Downloads\my_pj_react\Finial\RealEstate-System\housing-backend\housing-backend\[39mnode_modules\[4m@prisma\client[24m\src\runtime\getPrismaClient.ts:833:24[90m)[39m
    at async [90mC:\Users\LOQ\Downloads\my_pj_react\Finial\RealEstate-System\housing-backend\housing-backend\[39mnode_modules\[4m@nestjs\core[24m\router\router-execution-context.js:46:28
    at async [90mC:\Users\LOQ\Downloads\my_pj_react\Finial\RealEstate-System\housing-backend\housing-backend\[39mnode_modules\[4m@nestjs\core[24m\router\router-proxy.js:9:17 {
  code: [32m'P2020'[39m,
  meta: {
    modelName: [32m'User'[39m,
    details: [32m'The column `createdAt` contained an invalid datetime value with either day or month set to zero.'[39m
  },
  clientVersion: [32m'6.7.0'[39m
}
[31m[Nest] 76060  - [39m02/08/2026, 3:09:57 PM [31m  ERROR[39m [38;5;3m[ExceptionsHandler] [39mPrismaClientKnownRequestError: 
Invalid `this.prisma.user.findMany()` invocation in
C:\Users\LOQ\Downloads\my_pj_react\Finial\RealEstate-System\housing-backend\housing-backend\src\users\users.service.ts:10:29

   7 constructor(private prisma: PrismaService) {}
   8 
   9 findAll() {
→ 10   return this.prisma.user.findMany(
Value out of range for the type. The column `createdAt` contained an invalid datetime value with either day or month set to zero.
    at ei.handleRequestError [90m(C:\Users\LOQ\Downloads\my_pj_react\Finial\RealEstate-System\housing-backend\housing-backend\[39mnode_modules\[4m@prisma\client[24m\src\runtime\RequestHandler.ts:228:13[90m)[39m
    at ei.handleAndLogRequestError [90m(C:\Users\LOQ\Downloads\my_pj_react\Finial\RealEstate-System\housing-backend\housing-backend\[39mnode_modules\[4m@prisma\client[24m\src\runtime\RequestHandler.ts:174:12[90m)[39m
    at ei.request [90m(C:\Users\LOQ\Downloads\my_pj_react\Finial\RealEstate-System\housing-backend\housing-backend\[39mnode_modules\[4m@prisma\client[24m\src\runtime\RequestHandler.ts:143:12[90m)[39m
    at async a [90m(C:\Users\LOQ\Downloads\my_pj_react\Finial\RealEstate-System\housing-backend\housing-backend\[39mnode_modules\[4m@prisma\client[24m\src\runtime\getPrismaClient.ts:833:24[90m)[39m
    at async [90mC:\Users\LOQ\Downloads\my_pj_react\Finial\RealEstate-System\housing-backend\housing-backend\[39mnode_modules\[4m@nestjs\core[24m\router\router-execution-context.js:46:28
    at async [90mC:\Users\LOQ\Downloads\my_pj_react\Finial\RealEstate-System\housing-backend\housing-backend\[39mnode_modules\[4m@nestjs\core[24m\router\router-proxy.js:9:17 {
  code: [32m'P2020'[39m,
  meta: {
    modelName: [32m'User'[39m,
    details: [32m'The column `createdAt` contained an invalid datetime value with either day or month set to zero.'[39m
  },
  clientVersion: [32m'6.7.0'[39m
}
[31m[Nest] 76060  - [39m02/08/2026, 3:09:57 PM [31m  ERROR[39m [38;5;3m[ExceptionsHandler] [39mPrismaClientKnownRequestError: 
Invalid `this.prisma.user.findMany()` invocation in
C:\Users\LOQ\Downloads\my_pj_react\Finial\RealEstate-System\housing-backend\housing-backend\src\users\users.service.ts:18:29

  15 }
  16 
  17 findByRole(role: string) {
→ 18   return this.prisma.user.findMany(
Value out of range for the type. The column `createdAt` contained an invalid datetime value with either day or month set to zero.
    at ei.handleRequestError [90m(C:\Users\LOQ\Downloads\my_pj_react\Finial\RealEstate-System\housing-backend\housing-backend\[39mnode_modules\[4m@prisma\client[24m\src\runtime\RequestHandler.ts:228:13[90m)[39m
    at ei.handleAndLogRequestError [90m(C:\Users\LOQ\Downloads\my_pj_react\Finial\RealEstate-System\housing-backend\housing-backend\[39mnode_modules\[4m@prisma\client[24m\src\runtime\RequestHandler.ts:174:12[90m)[39m
    at ei.request [90m(C:\Users\LOQ\Downloads\my_pj_react\Finial\RealEstate-System\housing-backend\housing-backend\[39mnode_modules\[4m@prisma\client[24m\src\runtime\RequestHandler.ts:143:12[90m)[39m
    at async a [90m(C:\Users\LOQ\Downloads\my_pj_react\Finial\RealEstate-System\housing-backend\housing-backend\[39mnode_modules\[4m@prisma\client[24m\src\runtime\getPrismaClient.ts:833:24[90m)[39m
    at async [90mC:\Users\LOQ\Downloads\my_pj_react\Finial\RealEstate-System\housing-backend\housing-backend\[39mnode_modules\[4m@nestjs\core[24m\router\router-execution-context.js:46:28
    at async [90mC:\Users\LOQ\Downloads\my_pj_react\Finial\RealEstate-System\housing-backend\housing-backend\[39mnode_modules\[4m@nestjs\core[24m\router\router-proxy.js:9:17 {
  code: [32m'P2020'[39m,
  meta: {
    modelName: [32m'User'[39m,
    details: [32m'The column `createdAt` contained an invalid datetime value with either day or month set to zero.'[39m
  },
  clientVersion: [32m'6.7.0'[39m
}
[31m[Nest] 76060  - [39m02/08/2026, 3:09:57 PM [31m  ERROR[39m [38;5;3m[ExceptionsHandler] [39mPrismaClientKnownRequestError: 
Invalid `this.prisma.user.findMany()` invocation in
C:\Users\LOQ\Downloads\my_pj_react\Finial\RealEstate-System\housing-backend\housing-backend\src\users\users.service.ts:10:29

   7 constructor(private prisma: PrismaService) {}
   8 
   9 findAll() {
→ 10   return this.prisma.user.findMany(
Value out of range for the type. The column `createdAt` contained an invalid datetime value with either day or month set to zero.
    at ei.handleRequestError [90m(C:\Users\LOQ\Downloads\my_pj_react\Finial\RealEstate-System\housing-backend\housing-backend\[39mnode_modules\[4m@prisma\client[24m\src\runtime\RequestHandler.ts:228:13[90m)[39m
    at ei.handleAndLogRequestError [90m(C:\Users\LOQ\Downloads\my_pj_react\Finial\RealEstate-System\housing-backend\housing-backend\[39mnode_modules\[4m@prisma\client[24m\src\runtime\RequestHandler.ts:174:12[90m)[39m
    at ei.request [90m(C:\Users\LOQ\Downloads\my_pj_react\Finial\RealEstate-System\housing-backend\housing-backend\[39mnode_modules\[4m@prisma\client[24m\src\runtime\RequestHandler.ts:143:12[90m)[39m
    at async a [90m(C:\Users\LOQ\Downloads\my_pj_react\Finial\RealEstate-System\housing-backend\housing-backend\[39mnode_modules\[4m@prisma\client[24m\src\runtime\getPrismaClient.ts:833:24[90m)[39m
    at async [90mC:\Users\LOQ\Downloads\my_pj_react\Finial\RealEstate-System\housing-backend\housing-backend\[39mnode_modules\[4m@nestjs\core[24m\router\router-execution-context.js:46:28
    at async [90mC:\Users\LOQ\Downloads\my_pj_react\Finial\RealEstate-System\housing-backend\housing-backend\[39mnode_modules\[4m@nestjs\core[24m\router\router-proxy.js:9:17 {
  code: [32m'P2020'[39m,
  meta: {
    modelName: [32m'User'[39m,
    details: [32m'The column `createdAt` contained an invalid datetime value with either day or month set to zero.'[39m
  },
  clientVersion: [32m'6.7.0'[39m
}
[31m[Nest] 76060  - [39m02/08/2026, 3:09:58 PM [31m  ERROR[39m [38;5;3m[ExceptionsHandler] [39mPrismaClientKnownRequestError: 
Invalid `this.prisma.user.findMany()` invocation in
C:\Users\LOQ\Downloads\my_pj_react\Finial\RealEstate-System\housing-backend\housing-backend\src\users\users.service.ts:18:29

  15 }
  16 
  17 findByRole(role: string) {
→ 18   return this.prisma.user.findMany(
Value out of range for the type. The column `createdAt` contained an invalid datetime value with either day or month set to zero.
    at ei.handleRequestError [90m(C:\Users\LOQ\Downloads\my_pj_react\Finial\RealEstate-System\housing-backend\housing-backend\[39mnode_modules\[4m@prisma\client[24m\src\runtime\RequestHandler.ts:228:13[90m)[39m
    at ei.handleAndLogRequestError [90m(C:\Users\LOQ\Downloads\my_pj_react\Finial\RealEstate-System\housing-backend\housing-backend\[39mnode_modules\[4m@prisma\client[24m\src\runtime\RequestHandler.ts:174:12[90m)[39m
    at ei.request [90m(C:\Users\LOQ\Downloads\my_pj_react\Finial\RealEstate-System\housing-backend\housing-backend\[39mnode_modules\[4m@prisma\client[24m\src\runtime\RequestHandler.ts:143:12[90m)[39m
    at async a [90m(C:\Users\LOQ\Downloads\my_pj_react\Finial\RealEstate-System\housing-backend\housing-backend\[39mnode_modules\[4m@prisma\client[24m\src\runtime\getPrismaClient.ts:833:24[90m)[39m
    at async [90mC:\Users\LOQ\Downloads\my_pj_react\Finial\RealEstate-System\housing-backend\housing-backend\[39mnode_modules\[4m@nestjs\core[24m\router\router-execution-context.js:46:28
    at async [90mC:\Users\LOQ\Downloads\my_pj_react\Finial\RealEstate-System\housing-backend\housing-backend\[39mnode_modules\[4m@nestjs\core[24m\router\router-proxy.js:9:17 {
  code: [32m'P2020'[39m,
  meta: {
    modelName: [32m'User'[39m,
    details: [32m'The column `createdAt` contained an invalid datetime value with either day or month set to zero.'[39m
  },
  clientVersion: [32m'6.7.0'[39m
}
[31m[Nest] 76060  - [39m02/08/2026, 3:09:58 PM [31m  ERROR[39m [38;5;3m[ExceptionsHandler] [39mPrismaClientKnownRequestError: 
Invalid `this.prisma.user.findMany()` invocation in
C:\Users\LOQ\Downloads\my_pj_react\Finial\RealEstate-System\housing-backend\housing-backend\src\users\users.service.ts:10:29

   7 constructor(private prisma: PrismaService) {}
   8 
   9 findAll() {
→ 10   return this.prisma.user.findMany(
Value out of range for the type. The column `createdAt` contained an invalid datetime value with either day or month set to zero.
    at ei.handleRequestError [90m(C:\Users\LOQ\Downloads\my_pj_react\Finial\RealEstate-System\housing-backend\housing-backend\[39mnode_modules\[4m@prisma\client[24m\src\runtime\RequestHandler.ts:228:13[90m)[39m
    at ei.handleAndLogRequestError [90m(C:\Users\LOQ\Downloads\my_pj_react\Finial\RealEstate-System\housing-backend\housing-backend\[39mnode_modules\[4m@prisma\client[24m\src\runtime\RequestHandler.ts:174:12[90m)[39m
    at ei.request [90m(C:\Users\LOQ\Downloads\my_pj_react\Finial\RealEstate-System\housing-backend\housing-backend\[39mnode_modules\[4m@prisma\client[24m\src\runtime\RequestHandler.ts:143:12[90m)[39m
    at async a [90m(C:\Users\LOQ\Downloads\my_pj_react\Finial\RealEstate-System\housing-backend\housing-backend\[39mnode_modules\[4m@prisma\client[24m\src\runtime\getPrismaClient.ts:833:24[90m)[39m
    at async [90mC:\Users\LOQ\Downloads\my_pj_react\Finial\RealEstate-System\housing-backend\housing-backend\[39mnode_modules\[4m@nestjs\core[24m\router\router-execution-context.js:46:28
    at async [90mC:\Users\LOQ\Downloads\my_pj_react\Finial\RealEstate-System\housing-backend\housing-backend\[39mnode_modules\[4m@nestjs\core[24m\router\router-proxy.js:9:17 {
  code: [32m'P2020'[39m,
  meta: {
    modelName: [32m'User'[39m,
    details: [32m'The column `createdAt` contained an invalid datetime value with either day or month set to zero.'[39m
  },
  clientVersion: [32m'6.7.0'[39m
}
[31m[Nest] 76060  - [39m02/08/2026, 3:09:58 PM [31m  ERROR[39m [38;5;3m[ExceptionsHandler] [39mPrismaClientKnownRequestError: 
Invalid `this.prisma.user.findMany()` invocation in
C:\Users\LOQ\Downloads\my_pj_react\Finial\RealEstate-System\housing-backend\housing-backend\src\users\users.service.ts:18:29

  15 }
  16 
  17 findByRole(role: string) {
→ 18   return this.prisma.user.findMany(
Value out of range for the type. The column `createdAt` contained an invalid datetime value with either day or month set to zero.
    at ei.handleRequestError [90m(C:\Users\LOQ\Downloads\my_pj_react\Finial\RealEstate-System\housing-backend\housing-backend\[39mnode_modules\[4m@prisma\client[24m\src\runtime\RequestHandler.ts:228:13[90m)[39m
    at ei.handleAndLogRequestError [90m(C:\Users\LOQ\Downloads\my_pj_react\Finial\RealEstate-System\housing-backend\housing-backend\[39mnode_modules\[4m@prisma\client[24m\src\runtime\RequestHandler.ts:174:12[90m)[39m
    at ei.request [90m(C:\Users\LOQ\Downloads\my_pj_react\Finial\RealEstate-System\housing-backend\housing-backend\[39mnode_modules\[4m@prisma\client[24m\src\runtime\RequestHandler.ts:143:12[90m)[39m
    at async a [90m(C:\Users\LOQ\Downloads\my_pj_react\Finial\RealEstate-System\housing-backend\housing-backend\[39mnode_modules\[4m@prisma\client[24m\src\runtime\getPrismaClient.ts:833:24[90m)[39m
    at async [90mC:\Users\LOQ\Downloads\my_pj_react\Finial\RealEstate-System\housing-backend\housing-backend\[39mnode_modules\[4m@nestjs\core[24m\router\router-execution-context.js:46:28
    at async [90mC:\Users\LOQ\Downloads\my_pj_react\Finial\RealEstate-System\housing-backend\housing-backend\[39mnode_modules\[4m@nestjs\core[24m\router\router-proxy.js:9:17 {
  code: [32m'P2020'[39m,
  meta: {
    modelName: [32m'User'[39m,
    details: [32m'The column `createdAt` contained an invalid datetime value with either day or month set to zero.'[39m
  },
  clientVersion: [32m'6.7.0'[39m
}
[31m[Nest] 76060  - [39m02/08/2026, 3:09:58 PM [31m  ERROR[39m [38;5;3m[ExceptionsHandler] [39mPrismaClientKnownRequestError: 
Invalid `this.prisma.user.findMany()` invocation in
C:\Users\LOQ\Downloads\my_pj_react\Finial\RealEstate-System\housing-backend\housing-backend\src\users\users.service.ts:10:29

   7 constructor(private prisma: PrismaService) {}
   8 
   9 findAll() {
→ 10   return this.prisma.user.findMany(
Value out of range for the type. The column `createdAt` contained an invalid datetime value with either day or month set to zero.
    at ei.handleRequestError [90m(C:\Users\LOQ\Downloads\my_pj_react\Finial\RealEstate-System\housing-backend\housing-backend\[39mnode_modules\[4m@prisma\client[24m\src\runtime\RequestHandler.ts:228:13[90m)[39m
    at ei.handleAndLogRequestError [90m(C:\Users\LOQ\Downloads\my_pj_react\Finial\RealEstate-System\housing-backend\housing-backend\[39mnode_modules\[4m@prisma\client[24m\src\runtime\RequestHandler.ts:174:12[90m)[39m
    at ei.request [90m(C:\Users\LOQ\Downloads\my_pj_react\Finial\RealEstate-System\housing-backend\housing-backend\[39mnode_modules\[4m@prisma\client[24m\src\runtime\RequestHandler.ts:143:12[90m)[39m
    at async a [90m(C:\Users\LOQ\Downloads\my_pj_react\Finial\RealEstate-System\housing-backend\housing-backend\[39mnode_modules\[4m@prisma\client[24m\src\runtime\getPrismaClient.ts:833:24[90m)[39m
    at async [90mC:\Users\LOQ\Downloads\my_pj_react\Finial\RealEstate-System\housing-backend\housing-backend\[39mnode_modules\[4m@nestjs\core[24m\router\router-execution-context.js:46:28
    at async [90mC:\Users\LOQ\Downloads\my_pj_react\Finial\RealEstate-System\housing-backend\housing-backend\[39mnode_modules\[4m@nestjs\core[24m\router\router-proxy.js:9:17 {
  code: [32m'P2020'[39m,
  meta: {
    modelName: [32m'User'[39m,
    details: [32m'The column `createdAt` contained an invalid datetime value with either day or month set to zero.'[39m
  },
  clientVersion: [32m'6.7.0'[39m
}
[31m[Nest] 76060  - [39m02/08/2026, 3:09:58 PM [31m  ERROR[39m [38;5;3m[ExceptionsHandler] [39mPrismaClientKnownRequestError: 
Invalid `this.prisma.user.findMany()` invocation in
C:\Users\LOQ\Downloads\my_pj_react\Finial\RealEstate-System\housing-backend\housing-backend\src\users\users.service.ts:10:29

   7 constructor(private prisma: PrismaService) {}
   8 
   9 findAll() {
→ 10   return this.prisma.user.findMany(
Value out of range for the type. The column `createdAt` contained an invalid datetime value with either day or month set to zero.
    at ei.handleRequestError [90m(C:\Users\LOQ\Downloads\my_pj_react\Finial\RealEstate-System\housing-backend\housing-backend\[39mnode_modules\[4m@prisma\client[24m\src\runtime\RequestHandler.ts:228:13[90m)[39m
    at ei.handleAndLogRequestError [90m(C:\Users\LOQ\Downloads\my_pj_react\Finial\RealEstate-System\housing-backend\housing-backend\[39mnode_modules\[4m@prisma\client[24m\src\runtime\RequestHandler.ts:174:12[90m)[39m
    at ei.request [90m(C:\Users\LOQ\Downloads\my_pj_react\Finial\RealEstate-System\housing-backend\housing-backend\[39mnode_modules\[4m@prisma\client[24m\src\runtime\RequestHandler.ts:143:12[90m)[39m
    at async a [90m(C:\Users\LOQ\Downloads\my_pj_react\Finial\RealEstate-System\housing-backend\housing-backend\[39mnode_modules\[4m@prisma\client[24m\src\runtime\getPrismaClient.ts:833:24[90m)[39m
    at async [90mC:\Users\LOQ\Downloads\my_pj_react\Finial\RealEstate-System\housing-backend\housing-backend\[39mnode_modules\[4m@nestjs\core[24m\router\router-execution-context.js:46:28
    at async [90mC:\Users\LOQ\Downloads\my_pj_react\Finial\RealEstate-System\housing-backend\housing-backend\[39mnode_modules\[4m@nestjs\core[24m\router\router-proxy.js:9:17 {
  code: [32m'P2020'[39m,
  meta: {
    modelName: [32m'User'[39m,
    details: [32m'The column `createdAt` contained an invalid datetime value with either day or month set to zero.'[39m
  },
  clientVersion: [32m'6.7.0'[39m
}
[31m[Nest] 76060  - [39m02/08/2026, 3:09:58 PM [31m  ERROR[39m [38;5;3m[ExceptionsHandler] [39mPrismaClientKnownRequestError: 
Invalid `this.prisma.user.findMany()` invocation in
C:\Users\LOQ\Downloads\my_pj_react\Finial\RealEstate-System\housing-backend\housing-backend\src\users\users.service.ts:10:29

   7 constructor(private prisma: PrismaService) {}
   8 
   9 findAll() {
→ 10   return this.prisma.user.findMany(
Value out of range for the type. The column `createdAt` contained an invalid datetime value with either day or month set to zero.
    at ei.handleRequestError [90m(C:\Users\LOQ\Downloads\my_pj_react\Finial\RealEstate-System\housing-backend\housing-backend\[39mnode_modules\[4m@prisma\client[24m\src\runtime\RequestHandler.ts:228:13[90m)[39m
    at ei.handleAndLogRequestError [90m(C:\Users\LOQ\Downloads\my_pj_react\Finial\RealEstate-System\housing-backend\housing-backend\[39mnode_modules\[4m@prisma\client[24m\src\runtime\RequestHandler.ts:174:12[90m)[39m
    at ei.request [90m(C:\Users\LOQ\Downloads\my_pj_react\Finial\RealEstate-System\housing-backend\housing-backend\[39mnode_modules\[4m@prisma\client[24m\src\runtime\RequestHandler.ts:143:12[90m)[39m
    at async a [90m(C:\Users\LOQ\Downloads\my_pj_react\Finial\RealEstate-System\housing-backend\housing-backend\[39mnode_modules\[4m@prisma\client[24m\src\runtime\getPrismaClient.ts:833:24[90m)[39m
    at async [90mC:\Users\LOQ\Downloads\my_pj_react\Finial\RealEstate-System\housing-backend\housing-backend\[39mnode_modules\[4m@nestjs\core[24m\router\router-execution-context.js:46:28
    at async [90mC:\Users\LOQ\Downloads\my_pj_react\Finial\RealEstate-System\housing-backend\housing-backend\[39mnode_modules\[4m@nestjs\core[24m\router\router-proxy.js:9:17 {
  code: [32m'P2020'[39m,
  meta: {
    modelName: [32m'User'[39m,
    details: [32m'The column `createdAt` contained an invalid datetime value with either day or month set to zero.'[39m
  },
  clientVersion: [32m'6.7.0'[39m
}
[31m[Nest] 76060  - [39m02/08/2026, 3:09:58 PM [31m  ERROR[39m [38;5;3m[ExceptionsHandler] [39mPrismaClientKnownRequestError: 
Invalid `this.prisma.user.findMany()` invocation in
C:\Users\LOQ\Downloads\my_pj_react\Finial\RealEstate-System\housing-backend\housing-backend\src\users\users.service.ts:10:29

   7 constructor(private prisma: PrismaService) {}
   8 
   9 findAll() {
→ 10   return this.prisma.user.findMany(
Value out of range for the type. The column `createdAt` contained an invalid datetime value with either day or month set to zero.
    at ei.handleRequestError [90m(C:\Users\LOQ\Downloads\my_pj_react\Finial\RealEstate-System\housing-backend\housing-backend\[39mnode_modules\[4m@prisma\client[24m\src\runtime\RequestHandler.ts:228:13[90m)[39m
    at ei.handleAndLogRequestError [90m(C:\Users\LOQ\Downloads\my_pj_react\Finial\RealEstate-System\housing-backend\housing-backend\[39mnode_modules\[4m@prisma\client[24m\src\runtime\RequestHandler.ts:174:12[90m)[39m
    at ei.request [90m(C:\Users\LOQ\Downloads\my_pj_react\Finial\RealEstate-System\housing-backend\housing-backend\[39mnode_modules\[4m@prisma\client[24m\src\runtime\RequestHandler.ts:143:12[90m)[39m
    at async a [90m(C:\Users\LOQ\Downloads\my_pj_react\Finial\RealEstate-System\housing-backend\housing-backend\[39mnode_modules\[4m@prisma\client[24m\src\runtime\getPrismaClient.ts:833:24[90m)[39m
    at async [90mC:\Users\LOQ\Downloads\my_pj_react\Finial\RealEstate-System\housing-backend\housing-backend\[39mnode_modules\[4m@nestjs\core[24m\router\router-execution-context.js:46:28
    at async [90mC:\Users\LOQ\Downloads\my_pj_react\Finial\RealEstate-System\housing-backend\housing-backend\[39mnode_modules\[4m@nestjs\core[24m\router\router-proxy.js:9:17 {
  code: [32m'P2020'[39m,
  meta: {
    modelName: [32m'User'[39m,
    details: [32m'The column `createdAt` contained an invalid datetime value with either day or month set to zero.'[39m
  },
  clientVersion: [32m'6.7.0'[39m
}
[31m[Nest] 76060  - [39m02/08/2026, 3:09:59 PM [31m  ERROR[39m [38;5;3m[ExceptionsHandler] [39mPrismaClientKnownRequestError: 
Invalid `this.prisma.user.findMany()` invocation in
C:\Users\LOQ\Downloads\my_pj_react\Finial\RealEstate-System\housing-backend\housing-backend\src\users\users.service.ts:18:29

  15 }
  16 
  17 findByRole(role: string) {
→ 18   return this.prisma.user.findMany(
Value out of range for the type. The column `createdAt` contained an invalid datetime value with either day or month set to zero.
    at ei.handleRequestError [90m(C:\Users\LOQ\Downloads\my_pj_react\Finial\RealEstate-System\housing-backend\housing-backend\[39mnode_modules\[4m@prisma\client[24m\src\runtime\RequestHandler.ts:228:13[90m)[39m
    at ei.handleAndLogRequestError [90m(C:\Users\LOQ\Downloads\my_pj_react\Finial\RealEstate-System\housing-backend\housing-backend\[39mnode_modules\[4m@prisma\client[24m\src\runtime\RequestHandler.ts:174:12[90m)[39m
    at ei.request [90m(C:\Users\LOQ\Downloads\my_pj_react\Finial\RealEstate-System\housing-backend\housing-backend\[39mnode_modules\[4m@prisma\client[24m\src\runtime\RequestHandler.ts:143:12[90m)[39m
    at async a [90m(C:\Users\LOQ\Downloads\my_pj_react\Finial\RealEstate-System\housing-backend\housing-backend\[39mnode_modules\[4m@prisma\client[24m\src\runtime\getPrismaClient.ts:833:24[90m)[39m
    at async [90mC:\Users\LOQ\Downloads\my_pj_react\Finial\RealEstate-System\housing-backend\housing-backend\[39mnode_modules\[4m@nestjs\core[24m\router\router-execution-context.js:46:28
    at async [90mC:\Users\LOQ\Downloads\my_pj_react\Finial\RealEstate-System\housing-backend\housing-backend\[39mnode_modules\[4m@nestjs\core[24m\router\router-proxy.js:9:17 {
  code: [32m'P2020'[39m,
  meta: {
    modelName: [32m'User'[39m,
    details: [32m'The column `createdAt` contained an invalid datetime value with either day or month set to zero.'[39m
  },
  clientVersion: [32m'6.7.0'[39m
}
[31m[Nest] 76060  - [39m02/08/2026, 3:10:26 PM [31m  ERROR[39m [38;5;3m[ExceptionsHandler] [39mPrismaClientKnownRequestError: 
Invalid `this.prisma.user.findMany()` invocation in
C:\Users\LOQ\Downloads\my_pj_react\Finial\RealEstate-System\housing-backend\housing-backend\src\users\users.service.ts:10:29

   7 constructor(private prisma: PrismaService) {}
   8 
   9 findAll() {
→ 10   return this.prisma.user.findMany(
Value out of range for the type. The column `createdAt` contained an invalid datetime value with either day or month set to zero.
    at ei.handleRequestError [90m(C:\Users\LOQ\Downloads\my_pj_react\Finial\RealEstate-System\housing-backend\housing-backend\[39mnode_modules\[4m@prisma\client[24m\src\runtime\RequestHandler.ts:228:13[90m)[39m
    at ei.handleAndLogRequestError [90m(C:\Users\LOQ\Downloads\my_pj_react\Finial\RealEstate-System\housing-backend\housing-backend\[39mnode_modules\[4m@prisma\client[24m\src\runtime\RequestHandler.ts:174:12[90m)[39m
    at ei.request [90m(C:\Users\LOQ\Downloads\my_pj_react\Finial\RealEstate-System\housing-backend\housing-backend\[39mnode_modules\[4m@prisma\client[24m\src\runtime\RequestHandler.ts:143:12[90m)[39m
    at async a [90m(C:\Users\LOQ\Downloads\my_pj_react\Finial\RealEstate-System\housing-backend\housing-backend\[39mnode_modules\[4m@prisma\client[24m\src\runtime\getPrismaClient.ts:833:24[90m)[39m
    at async [90mC:\Users\LOQ\Downloads\my_pj_react\Finial\RealEstate-System\housing-backend\housing-backend\[39mnode_modules\[4m@nestjs\core[24m\router\router-execution-context.js:46:28
    at async [90mC:\Users\LOQ\Downloads\my_pj_react\Finial\RealEstate-System\housing-backend\housing-backend\[39mnode_modules\[4m@nestjs\core[24m\router\router-proxy.js:9:17 {
  code: [32m'P2020'[39m,
  meta: {
    modelName: [32m'User'[39m,
    details: [32m'The column `createdAt` contained an invalid datetime value with either day or month set to zero.'[39m
  },
  clientVersion: [32m'6.7.0'[39m
}
[31m[Nest] 76060  - [39m02/08/2026, 3:10:26 PM [31m  ERROR[39m [38;5;3m[ExceptionsHandler] [39mPrismaClientKnownRequestError: 
Invalid `this.prisma.user.findMany()` invocation in
C:\Users\LOQ\Downloads\my_pj_react\Finial\RealEstate-System\housing-backend\housing-backend\src\users\users.service.ts:18:29

  15 }
  16 
  17 findByRole(role: string) {
→ 18   return this.prisma.user.findMany(
Value out of range for the type. The column `createdAt` contained an invalid datetime value with either day or month set to zero.
    at ei.handleRequestError [90m(C:\Users\LOQ\Downloads\my_pj_react\Finial\RealEstate-System\housing-backend\housing-backend\[39mnode_modules\[4m@prisma\client[24m\src\runtime\RequestHandler.ts:228:13[90m)[39m
    at ei.handleAndLogRequestError [90m(C:\Users\LOQ\Downloads\my_pj_react\Finial\RealEstate-System\housing-backend\housing-backend\[39mnode_modules\[4m@prisma\client[24m\src\runtime\RequestHandler.ts:174:12[90m)[39m
    at ei.request [90m(C:\Users\LOQ\Downloads\my_pj_react\Finial\RealEstate-System\housing-backend\housing-backend\[39mnode_modules\[4m@prisma\client[24m\src\runtime\RequestHandler.ts:143:12[90m)[39m
    at async a [90m(C:\Users\LOQ\Downloads\my_pj_react\Finial\RealEstate-System\housing-backend\housing-backend\[39mnode_modules\[4m@prisma\client[24m\src\runtime\getPrismaClient.ts:833:24[90m)[39m
    at async [90mC:\Users\LOQ\Downloads\my_pj_react\Finial\RealEstate-System\housing-backend\housing-backend\[39mnode_modules\[4m@nestjs\core[24m\router\router-execution-context.js:46:28
    at async [90mC:\Users\LOQ\Downloads\my_pj_react\Finial\RealEstate-System\housing-backend\housing-backend\[39mnode_modules\[4m@nestjs\core[24m\router\router-proxy.js:9:17 {
  code: [32m'P2020'[39m,
  meta: {
    modelName: [32m'User'[39m,
    details: [32m'The column `createdAt` contained an invalid datetime value with either day or month set to zero.'[39m
  },
  clientVersion: [32m'6.7.0'[39m
}
[31m[Nest] 76060  - [39m02/08/2026, 3:10:38 PM [31m  ERROR[39m [38;5;3m[ExceptionsHandler] [39mPrismaClientKnownRequestError: 
Invalid `this.prisma.user.findMany()` invocation in
C:\Users\LOQ\Downloads\my_pj_react\Finial\RealEstate-System\housing-backend\housing-backend\src\users\users.service.ts:10:29

   7 constructor(private prisma: PrismaService) {}
   8 
   9 findAll() {
→ 10   return this.prisma.user.findMany(
Value out of range for the type. The column `createdAt` contained an invalid datetime value with either day or month set to zero.
    at ei.handleRequestError [90m(C:\Users\LOQ\Downloads\my_pj_react\Finial\RealEstate-System\housing-backend\housing-backend\[39mnode_modules\[4m@prisma\client[24m\src\runtime\RequestHandler.ts:228:13[90m)[39m
    at ei.handleAndLogRequestError [90m(C:\Users\LOQ\Downloads\my_pj_react\Finial\RealEstate-System\housing-backend\housing-backend\[39mnode_modules\[4m@prisma\client[24m\src\runtime\RequestHandler.ts:174:12[90m)[39m
    at ei.request [90m(C:\Users\LOQ\Downloads\my_pj_react\Finial\RealEstate-System\housing-backend\housing-backend\[39mnode_modules\[4m@prisma\client[24m\src\runtime\RequestHandler.ts:143:12[90m)[39m
    at async a [90m(C:\Users\LOQ\Downloads\my_pj_react\Finial\RealEstate-System\housing-backend\housing-backend\[39mnode_modules\[4m@prisma\client[24m\src\runtime\getPrismaClient.ts:833:24[90m)[39m
    at async [90mC:\Users\LOQ\Downloads\my_pj_react\Finial\RealEstate-System\housing-backend\housing-backend\[39mnode_modules\[4m@nestjs\core[24m\router\router-execution-context.js:46:28
    at async [90mC:\Users\LOQ\Downloads\my_pj_react\Finial\RealEstate-System\housing-backend\housing-backend\[39mnode_modules\[4m@nestjs\core[24m\router\router-proxy.js:9:17 {
  code: [32m'P2020'[39m,
  meta: {
    modelName: [32m'User'[39m,
    details: [32m'The column `createdAt` contained an invalid datetime value with either day or month set to zero.'[39m
  },
  clientVersion: [32m'6.7.0'[39m
}
[31m[Nest] 76060  - [39m02/08/2026, 3:10:38 PM [31m  ERROR[39m [38;5;3m[ExceptionsHandler] [39mPrismaClientKnownRequestError: 
Invalid `this.prisma.user.findMany()` invocation in
C:\Users\LOQ\Downloads\my_pj_react\Finial\RealEstate-System\housing-backend\housing-backend\src\users\users.service.ts:18:29

  15 }
  16 
  17 findByRole(role: string) {
→ 18   return this.prisma.user.findMany(
Value out of range for the type. The column `createdAt` contained an invalid datetime value with either day or month set to zero.
    at ei.handleRequestError [90m(C:\Users\LOQ\Downloads\my_pj_react\Finial\RealEstate-System\housing-backend\housing-backend\[39mnode_modules\[4m@prisma\client[24m\src\runtime\RequestHandler.ts:228:13[90m)[39m
    at ei.handleAndLogRequestError [90m(C:\Users\LOQ\Downloads\my_pj_react\Finial\RealEstate-System\housing-backend\housing-backend\[39mnode_modules\[4m@prisma\client[24m\src\runtime\RequestHandler.ts:174:12[90m)[39m
    at ei.request [90m(C:\Users\LOQ\Downloads\my_pj_react\Finial\RealEstate-System\housing-backend\housing-backend\[39mnode_modules\[4m@prisma\client[24m\src\runtime\RequestHandler.ts:143:12[90m)[39m
    at async a [90m(C:\Users\LOQ\Downloads\my_pj_react\Finial\RealEstate-System\housing-backend\housing-backend\[39mnode_modules\[4m@prisma\client[24m\src\runtime\getPrismaClient.ts:833:24[90m)[39m
    at async [90mC:\Users\LOQ\Downloads\my_pj_react\Finial\RealEstate-System\housing-backend\housing-backend\[39mnode_modules\[4m@nestjs\core[24m\router\router-execution-context.js:46:28
    at async [90mC:\Users\LOQ\Downloads\my_pj_react\Finial\RealEstate-System\housing-backend\housing-backend\[39mnode_modules\[4m@nestjs\core[24m\router\router-proxy.js:9:17 {
  code: [32m'P2020'[39m,
  meta: {
    modelName: [32m'User'[39m,
    details: [32m'The column `createdAt` contained an invalid datetime value with either day or month set to zero.'[39m
  },
  clientVersion: [32m'6.7.0'[39m
}
[31m[Nest] 18928  - [39m02/08/2026, 3:13:36 PM [31m  ERROR[39m [38;5;3m[NestApplication] [39m[31mError: listen EADDRINUSE: address already in use :::3000[39m[38;5;3m +1ms[39m
node:net:1940
    const ex = new UVExceptionWithHostPort(err, 'listen', address, port);
               ^

Error: listen EADDRINUSE: address already in use :::3000
    at Server.setupListenHandle [as _listen2] (node:net:1940:16)
    at listenInCluster (node:net:1997:12)
    at Server.listen (node:net:2102:7)
    at ExpressAdapter.listen (C:\Users\LOQ\Downloads\my_pj_react\Finial\RealEstate-System\housing-backend\housing-backend\node_modules\@nestjs\platform-express\adapters\express-adapter.js:127:32)
    at C:\Users\LOQ\Downloads\my_pj_react\Finial\RealEstate-System\housing-backend\housing-backend\node_modules\@nestjs\core\nest-application.js:188:30
    at new Promise (<anonymous>)
    at NestApplication.listen (C:\Users\LOQ\Downloads\my_pj_react\Finial\RealEstate-System\housing-backend\housing-backend\node_modules\@nestjs\core\nest-application.js:178:16)
    at async bootstrap (C:\Users\LOQ\Downloads\my_pj_react\Finial\RealEstate-System\housing-backend\housing-backend\src\main.ts:40:3) {
  code: 'EADDRINUSE',
  errno: -4091,
  syscall: 'listen',
  address: '::',
  port: 3000
}

Node.js v24.10.0
[31m[Nest] 53116  - [39m02/08/2026, 3:14:33 PM [31m  ERROR[39m [38;5;3m[NestApplication] [39m[31mError: listen EADDRINUSE: address already in use :::3000[39m[38;5;3m +2ms[39m
node:net:1940
    const ex = new UVExceptionWithHostPort(err, 'listen', address, port);
               ^

Error: listen EADDRINUSE: address already in use :::3000
    at Server.setupListenHandle [as _listen2] (node:net:1940:16)
    at listenInCluster (node:net:1997:12)
    at Server.listen (node:net:2102:7)
    at ExpressAdapter.listen (C:\Users\LOQ\Downloads\my_pj_react\Finial\RealEstate-System\housing-backend\housing-backend\node_modules\@nestjs\platform-express\adapters\express-adapter.js:127:32)
    at C:\Users\LOQ\Downloads\my_pj_react\Finial\RealEstate-System\housing-backend\housing-backend\node_modules\@nestjs\core\nest-application.js:188:30
    at new Promise (<anonymous>)
    at NestApplication.listen (C:\Users\LOQ\Downloads\my_pj_react\Finial\RealEstate-System\housing-backend\housing-backend\node_modules\@nestjs\core\nest-application.js:178:16)
    at async bootstrap (C:\Users\LOQ\Downloads\my_pj_react\Finial\RealEstate-System\housing-backend\housing-backend\src\main.ts:40:3) {
  code: 'EADDRINUSE',
  errno: -4091,
  syscall: 'listen',
  address: '::',
  port: 3000
}

Node.js v24.10.0
[31m[Nest] 45884  - [39m02/08/2026, 3:15:41 PM [31m  ERROR[39m [38;5;3m[NestApplication] [39m[31mError: listen EADDRINUSE: address already in use :::3000[39m[38;5;3m +1ms[39m
node:net:1940
    const ex = new UVExceptionWithHostPort(err, 'listen', address, port);
               ^

Error: listen EADDRINUSE: address already in use :::3000
    at Server.setupListenHandle [as _listen2] (node:net:1940:16)
    at listenInCluster (node:net:1997:12)
    at Server.listen (node:net:2102:7)
    at ExpressAdapter.listen (C:\Users\LOQ\Downloads\my_pj_react\Finial\RealEstate-System\housing-backend\housing-backend\node_modules\@nestjs\platform-express\adapters\express-adapter.js:127:32)
    at C:\Users\LOQ\Downloads\my_pj_react\Finial\RealEstate-System\housing-backend\housing-backend\node_modules\@nestjs\core\nest-application.js:188:30
    at new Promise (<anonymous>)
    at NestApplication.listen (C:\Users\LOQ\Downloads\my_pj_react\Finial\RealEstate-System\housing-backend\housing-backend\node_modules\@nestjs\core\nest-application.js:178:16)
    at async bootstrap (C:\Users\LOQ\Downloads\my_pj_react\Finial\RealEstate-System\housing-backend\housing-backend\src\main.ts:40:3) {
  code: 'EADDRINUSE',
  errno: -4091,
  syscall: 'listen',
  address: '::',
  port: 3000
}

Node.js v24.10.0
^C^C^C