[31m[Nest] 19828  - [39m02/08/2026, 2:15:56 PM [31m  ERROR[39m [38;5;3m[NestApplication] [39m[31mError: listen EADDRINUSE: address already in use :::45454[39m[38;5;3m +1ms[39m
node:net:1940
    const ex = new UVExceptionWithHostPort(err, 'listen', address, port);
               ^

Error: listen EADDRINUSE: address already in use :::45454
    at Server.setupListenHandle [as _listen2] (node:net:1940:16)
    at listenInCluster (node:net:1997:12)
    at Server.listen (node:net:2102:7)
    at ExpressAdapter.listen (C:\Users\LOQ\Downloads\my_pj_react\Finial\RealEstate-System\housing-backend\housing-backend\node_modules\@nestjs\platform-express\adapters\express-adapter.js:127:32)
    at C:\Users\LOQ\Downloads\my_pj_react\Finial\RealEstate-System\housing-backend\housing-backend\node_modules\@nestjs\core\nest-application.js:188:30
    at new Promise (<anonymous>)
    at NestApplication.listen (C:\Users\LOQ\Downloads\my_pj_react\Finial\RealEstate-System\housing-backend\housing-backend\node_modules\@nestjs\core\nest-application.js:178:16)
    at async bootstrap (C:\Users\LOQ\Downloads\my_pj_react\Finial\RealEstate-System\housing-backend\housing-backend\dist\src\main.js:35:5) {
  code: 'EADDRINUSE',
  errno: -4091,
  syscall: 'listen',
  address: '::',
  port: 45454
}

Node.js v24.10.0
